2025-03-14 14:16:26,549 [INFO] Logger initialized | Log file: logs/snake_rl_20250314_141626.log
2025-03-14 14:16:26,549 [INFO] Starting training mode with rl agent
2025-03-14 14:16:27,368 [INFO] Logger initialized | Log file: logs/snake_rl_20250314_141627.log
2025-03-14 14:16:27,368 [INFO] Starting training for 10000 episodes...
2025-03-14 14:16:27,371 [INFO] Episode 10/10000 | Score: 0 | Avg Reward: -10.02 | Epsilon: 1.00 | Time: 0.00s
2025-03-14 14:16:27,372 [INFO] Episode 20/10000 | Score: 0 | Avg Reward: -10.02 | Epsilon: 1.00 | Time: 0.00s
2025-03-14 14:16:27,374 [INFO] Episode 30/10000 | Score: 0 | Avg Reward: -10.01 | Epsilon: 1.00 | Time: 0.01s
2025-03-14 14:16:27,377 [INFO] Episode 40/10000 | Score: 0 | Avg Reward: -10.02 | Epsilon: 0.99 | Time: 0.01s
2025-03-14 14:16:27,379 [INFO] Episode 50/10000 | Score: 0 | Avg Reward: -10.03 | Epsilon: 0.99 | Time: 0.01s
2025-03-14 14:16:27,381 [INFO] Episode 60/10000 | Score: 0 | Avg Reward: -10.02 | Epsilon: 0.99 | Time: 0.01s
2025-03-14 14:16:27,384 [INFO] Episode 70/10000 | Score: 0 | Avg Reward: -10.02 | Epsilon: 0.99 | Time: 0.02s
2025-03-14 14:16:27,468 [INFO] Episode 80/10000 | Score: 0 | Avg Reward: -10.02 | Epsilon: 0.99 | Time: 0.10s
2025-03-14 14:16:27,518 [INFO] Episode 90/10000 | Score: 0 | Avg Reward: -10.01 | Epsilon: 0.99 | Time: 0.15s
2025-03-14 14:16:27,586 [INFO] Episode 100/10000 | Score: 0 | Avg Reward: -10.01 | Epsilon: 0.98 | Time: 0.22s
2025-03-14 14:16:27,667 [INFO] Episode 110/10000 | Score: 0 | Avg Reward: -10.01 | Epsilon: 0.98 | Time: 0.30s
2025-03-14 14:16:27,746 [INFO] Episode 120/10000 | Score: 0 | Avg Reward: -10.01 | Epsilon: 0.98 | Time: 0.38s
2025-03-14 14:16:27,813 [INFO] Episode 130/10000 | Score: 0 | Avg Reward: -10.01 | Epsilon: 0.98 | Time: 0.45s
2025-03-14 14:16:27,860 [INFO] Episode 140/10000 | Score: 0 | Avg Reward: -10.00 | Epsilon: 0.98 | Time: 0.49s
2025-03-14 14:16:27,901 [INFO] Episode 150/10000 | Score: 0 | Avg Reward: -10.00 | Epsilon: 0.98 | Time: 0.53s
2025-03-14 14:16:27,944 [INFO] Episode 160/10000 | Score: 0 | Avg Reward: -10.00 | Epsilon: 0.98 | Time: 0.58s
2025-03-14 14:16:28,000 [INFO] Episode 170/10000 | Score: 0 | Avg Reward: -10.00 | Epsilon: 0.98 | Time: 0.63s
2025-03-14 14:16:28,053 [INFO] Episode 180/10000 | Score: 0 | Avg Reward: -10.00 | Epsilon: 0.97 | Time: 0.68s
2025-03-14 14:16:28,092 [INFO] Episode 190/10000 | Score: 0 | Avg Reward: -10.00 | Epsilon: 0.97 | Time: 0.72s
2025-03-14 14:16:28,146 [INFO] Episode 200/10000 | Score: 0 | Avg Reward: -10.01 | Epsilon: 0.97 | Time: 0.78s
2025-03-14 14:16:28,191 [INFO] Episode 210/10000 | Score: 0 | Avg Reward: -10.01 | Epsilon: 0.97 | Time: 0.82s
2025-03-14 14:16:28,229 [INFO] Episode 220/10000 | Score: 0 | Avg Reward: -10.01 | Epsilon: 0.97 | Time: 0.86s
2025-03-14 14:16:28,300 [INFO] Episode 230/10000 | Score: 0 | Avg Reward: -10.01 | Epsilon: 0.97 | Time: 0.93s
2025-03-14 14:16:28,351 [INFO] Episode 240/10000 | Score: 0 | Avg Reward: -10.01 | Epsilon: 0.97 | Time: 0.98s
2025-03-14 14:16:28,459 [INFO] Episode 250/10000 | Score: 0 | Avg Reward: -10.02 | Epsilon: 0.96 | Time: 1.09s
2025-03-14 14:16:28,512 [INFO] Episode 260/10000 | Score: 0 | Avg Reward: -10.02 | Epsilon: 0.96 | Time: 1.14s
2025-03-14 14:16:28,572 [INFO] Episode 270/10000 | Score: 0 | Avg Reward: -10.02 | Epsilon: 0.96 | Time: 1.20s
2025-03-14 14:16:28,647 [INFO] Episode 280/10000 | Score: 0 | Avg Reward: -10.02 | Epsilon: 0.96 | Time: 1.28s
2025-03-14 14:16:28,696 [INFO] Episode 290/10000 | Score: 0 | Avg Reward: -10.02 | Epsilon: 0.96 | Time: 1.33s
2025-03-14 14:16:28,743 [INFO] Episode 300/10000 | Score: 0 | Avg Reward: -10.01 | Epsilon: 0.96 | Time: 1.38s
2025-03-14 14:16:28,820 [INFO] Episode 310/10000 | Score: 0 | Avg Reward: -9.91 | Epsilon: 0.95 | Time: 1.45s
2025-03-14 14:16:28,870 [INFO] Episode 320/10000 | Score: 0 | Avg Reward: -9.91 | Epsilon: 0.95 | Time: 1.50s
2025-03-14 14:16:28,924 [INFO] Episode 330/10000 | Score: 0 | Avg Reward: -9.91 | Epsilon: 0.95 | Time: 1.56s
2025-03-14 14:16:28,974 [INFO] Episode 340/10000 | Score: 0 | Avg Reward: -9.91 | Epsilon: 0.95 | Time: 1.61s
2025-03-14 14:16:29,026 [INFO] Episode 350/10000 | Score: 0 | Avg Reward: -9.90 | Epsilon: 0.95 | Time: 1.66s
2025-03-14 14:16:29,072 [INFO] Episode 360/10000 | Score: 0 | Avg Reward: -9.90 | Epsilon: 0.95 | Time: 1.70s
2025-03-14 14:16:29,150 [INFO] Episode 370/10000 | Score: 0 | Avg Reward: -9.90 | Epsilon: 0.95 | Time: 1.78s
2025-03-14 14:16:29,216 [INFO] Episode 380/10000 | Score: 0 | Avg Reward: -9.90 | Epsilon: 0.95 | Time: 1.85s
2025-03-14 14:16:29,295 [INFO] Episode 390/10000 | Score: 0 | Avg Reward: -9.90 | Epsilon: 0.94 | Time: 1.93s
2025-03-14 14:16:29,351 [INFO] Episode 400/10000 | Score: 0 | Avg Reward: -9.90 | Epsilon: 0.94 | Time: 1.98s
2025-03-14 14:16:29,396 [INFO] Episode 410/10000 | Score: 0 | Avg Reward: -10.00 | Epsilon: 0.94 | Time: 2.03s
2025-03-14 14:16:29,481 [INFO] Episode 420/10000 | Score: 0 | Avg Reward: -10.00 | Epsilon: 0.94 | Time: 2.11s
2025-03-14 14:16:29,547 [INFO] Episode 430/10000 | Score: 0 | Avg Reward: -10.01 | Epsilon: 0.94 | Time: 2.18s
2025-03-14 14:16:29,603 [INFO] Episode 440/10000 | Score: 0 | Avg Reward: -10.00 | Epsilon: 0.94 | Time: 2.24s
2025-03-14 14:16:29,655 [INFO] Episode 450/10000 | Score: 0 | Avg Reward: -10.00 | Epsilon: 0.93 | Time: 2.29s
2025-03-14 14:16:29,716 [INFO] Episode 460/10000 | Score: 0 | Avg Reward: -10.00 | Epsilon: 0.93 | Time: 2.35s
2025-03-14 14:16:29,767 [INFO] Episode 470/10000 | Score: 0 | Avg Reward: -10.01 | Epsilon: 0.93 | Time: 2.40s
2025-03-14 14:16:29,832 [INFO] Episode 480/10000 | Score: 0 | Avg Reward: -10.01 | Epsilon: 0.93 | Time: 2.46s
2025-03-14 14:16:29,890 [INFO] Episode 490/10000 | Score: 0 | Avg Reward: -9.91 | Epsilon: 0.93 | Time: 2.52s
2025-03-14 14:16:29,978 [INFO] Episode 500/10000 | Score: 0 | Avg Reward: -9.81 | Epsilon: 0.93 | Time: 2.61s
2025-03-14 14:16:29,978 [INFO] Evaluating agent for 10 episodes...
2025-03-14 14:16:29,997 [INFO] Evaluation complete | Avg Score: 0.00
2025-03-14 14:16:30,003 [INFO] New best model saved with score 0.0
2025-03-14 14:16:30,072 [INFO] Episode 510/10000 | Score: 0 | Avg Reward: -9.81 | Epsilon: 0.92 | Time: 2.70s
2025-03-14 14:16:30,120 [INFO] Episode 520/10000 | Score: 0 | Avg Reward: -9.80 | Epsilon: 0.92 | Time: 2.75s
2025-03-14 14:16:30,183 [INFO] Episode 530/10000 | Score: 0 | Avg Reward: -9.80 | Epsilon: 0.91 | Time: 2.81s
2025-03-14 14:16:30,269 [INFO] Episode 540/10000 | Score: 0 | Avg Reward: -9.80 | Epsilon: 0.91 | Time: 2.90s
2025-03-14 14:16:30,316 [INFO] Episode 550/10000 | Score: 0 | Avg Reward: -9.80 | Epsilon: 0.91 | Time: 2.95s
2025-03-14 14:16:30,371 [INFO] Episode 560/10000 | Score: 0 | Avg Reward: -9.79 | Epsilon: 0.91 | Time: 3.00s
2025-03-14 14:16:30,422 [INFO] Episode 570/10000 | Score: 0 | Avg Reward: -9.79 | Epsilon: 0.91 | Time: 3.05s
2025-03-14 14:16:30,503 [INFO] Episode 580/10000 | Score: 0 | Avg Reward: -9.79 | Epsilon: 0.91 | Time: 3.14s
2025-03-14 14:16:30,559 [INFO] Episode 590/10000 | Score: 0 | Avg Reward: -9.89 | Epsilon: 0.90 | Time: 3.19s
2025-03-14 14:16:30,606 [INFO] Episode 600/10000 | Score: 0 | Avg Reward: -9.99 | Epsilon: 0.90 | Time: 3.24s
2025-03-14 14:16:30,660 [INFO] Episode 610/10000 | Score: 0 | Avg Reward: -9.99 | Epsilon: 0.90 | Time: 3.29s
2025-03-14 14:16:30,721 [INFO] Episode 620/10000 | Score: 0 | Avg Reward: -9.99 | Epsilon: 0.90 | Time: 3.35s
2025-03-14 14:16:30,823 [INFO] Episode 630/10000 | Score: 0 | Avg Reward: -9.99 | Epsilon: 0.90 | Time: 3.45s
2025-03-14 14:16:30,906 [INFO] Episode 640/10000 | Score: 0 | Avg Reward: -10.00 | Epsilon: 0.90 | Time: 3.54s
2025-03-14 14:16:30,953 [INFO] Episode 650/10000 | Score: 0 | Avg Reward: -9.99 | Epsilon: 0.89 | Time: 3.58s
2025-03-14 14:16:31,008 [INFO] Episode 660/10000 | Score: 0 | Avg Reward: -9.99 | Epsilon: 0.89 | Time: 3.64s
2025-03-14 14:16:31,071 [INFO] Episode 670/10000 | Score: 0 | Avg Reward: -9.99 | Epsilon: 0.89 | Time: 3.70s
2025-03-14 14:16:31,164 [INFO] Episode 680/10000 | Score: 0 | Avg Reward: -10.00 | Epsilon: 0.89 | Time: 3.80s
2025-03-14 14:16:31,201 [INFO] Episode 690/10000 | Score: 0 | Avg Reward: -10.00 | Epsilon: 0.89 | Time: 3.83s
2025-03-14 14:16:31,259 [INFO] Episode 700/10000 | Score: 0 | Avg Reward: -10.00 | Epsilon: 0.89 | Time: 3.89s
2025-03-14 14:16:31,313 [INFO] Episode 710/10000 | Score: 0 | Avg Reward: -10.01 | Epsilon: 0.89 | Time: 3.94s
2025-03-14 14:16:31,360 [INFO] Episode 720/10000 | Score: 0 | Avg Reward: -10.01 | Epsilon: 0.88 | Time: 3.99s
2025-03-14 14:16:31,402 [INFO] Episode 730/10000 | Score: 0 | Avg Reward: -10.01 | Epsilon: 0.88 | Time: 4.03s
2025-03-14 14:16:31,480 [INFO] Episode 740/10000 | Score: 0 | Avg Reward: -9.91 | Epsilon: 0.88 | Time: 4.11s
2025-03-14 14:16:31,556 [INFO] Episode 750/10000 | Score: 0 | Avg Reward: -9.92 | Epsilon: 0.88 | Time: 4.19s
2025-03-14 14:16:31,617 [INFO] Episode 760/10000 | Score: 0 | Avg Reward: -9.92 | Epsilon: 0.88 | Time: 4.25s
2025-03-14 14:16:31,666 [INFO] Episode 770/10000 | Score: 0 | Avg Reward: -9.92 | Epsilon: 0.88 | Time: 4.30s
2025-03-14 14:16:31,709 [INFO] Episode 780/10000 | Score: 0 | Avg Reward: -9.91 | Epsilon: 0.88 | Time: 4.34s
2025-03-14 14:16:31,770 [INFO] Episode 790/10000 | Score: 0 | Avg Reward: -9.91 | Epsilon: 0.87 | Time: 4.40s
2025-03-14 14:16:31,812 [INFO] Episode 800/10000 | Score: 0 | Avg Reward: -9.91 | Epsilon: 0.87 | Time: 4.44s
2025-03-14 14:16:31,893 [INFO] Episode 810/10000 | Score: 0 | Avg Reward: -9.91 | Epsilon: 0.87 | Time: 4.52s
2025-03-14 14:16:31,982 [INFO] Episode 820/10000 | Score: 0 | Avg Reward: -9.91 | Epsilon: 0.87 | Time: 4.61s
2025-03-14 14:16:32,032 [INFO] Episode 830/10000 | Score: 0 | Avg Reward: -9.92 | Epsilon: 0.87 | Time: 4.66s
2025-03-14 14:16:32,086 [INFO] Episode 840/10000 | Score: 0 | Avg Reward: -10.02 | Epsilon: 0.87 | Time: 4.72s
2025-03-14 14:16:32,184 [INFO] Episode 850/10000 | Score: 0 | Avg Reward: -10.03 | Epsilon: 0.86 | Time: 4.82s
2025-03-14 14:16:32,241 [INFO] Episode 860/10000 | Score: 0 | Avg Reward: -10.02 | Epsilon: 0.86 | Time: 4.87s
2025-03-14 14:16:32,315 [INFO] Episode 870/10000 | Score: 0 | Avg Reward: -10.03 | Epsilon: 0.86 | Time: 4.95s
2025-03-14 14:16:32,359 [INFO] Episode 880/10000 | Score: 0 | Avg Reward: -10.03 | Epsilon: 0.86 | Time: 4.99s
2025-03-14 14:16:32,409 [INFO] Episode 890/10000 | Score: 0 | Avg Reward: -10.03 | Epsilon: 0.86 | Time: 5.04s
2025-03-14 14:16:32,487 [INFO] Episode 900/10000 | Score: 0 | Avg Reward: -10.03 | Epsilon: 0.86 | Time: 5.12s
2025-03-14 14:16:32,539 [INFO] Episode 910/10000 | Score: 0 | Avg Reward: -10.02 | Epsilon: 0.86 | Time: 5.17s
2025-03-14 14:16:32,595 [INFO] Episode 920/10000 | Score: 0 | Avg Reward: -10.02 | Epsilon: 0.85 | Time: 5.23s
2025-03-14 14:16:32,668 [INFO] Episode 930/10000 | Score: 0 | Avg Reward: -10.01 | Epsilon: 0.85 | Time: 5.30s
2025-03-14 14:16:32,745 [INFO] Episode 940/10000 | Score: 0 | Avg Reward: -10.01 | Epsilon: 0.85 | Time: 5.38s
2025-03-14 14:16:32,798 [INFO] Episode 950/10000 | Score: 0 | Avg Reward: -10.00 | Epsilon: 0.85 | Time: 5.43s
2025-03-14 14:16:32,863 [INFO] Episode 960/10000 | Score: 0 | Avg Reward: -10.00 | Epsilon: 0.85 | Time: 5.50s
2025-03-14 14:16:32,954 [INFO] Episode 970/10000 | Score: 0 | Avg Reward: -10.00 | Epsilon: 0.85 | Time: 5.59s
2025-03-14 14:16:33,017 [INFO] Episode 980/10000 | Score: 0 | Avg Reward: -9.99 | Epsilon: 0.85 | Time: 5.65s
2025-03-14 14:16:33,076 [INFO] Episode 990/10000 | Score: 0 | Avg Reward: -9.99 | Epsilon: 0.84 | Time: 5.71s
2025-03-14 14:16:33,146 [INFO] Episode 1000/10000 | Score: 0 | Avg Reward: -9.99 | Epsilon: 0.84 | Time: 5.78s
2025-03-14 14:16:33,151 [INFO] Model saved to models/model_episode_1000.pt
2025-03-14 14:16:33,151 [INFO] Evaluating agent for 10 episodes...
2025-03-14 14:16:33,175 [INFO] Evaluation complete | Avg Score: 0.10
2025-03-14 14:16:33,179 [INFO] New best model saved with score 0.1
2025-03-14 14:16:33,289 [INFO] Episode 1010/10000 | Score: 0 | Avg Reward: -9.89 | Epsilon: 0.83 | Time: 5.92s
2025-03-14 14:16:33,333 [INFO] Episode 1020/10000 | Score: 0 | Avg Reward: -9.89 | Epsilon: 0.83 | Time: 5.97s
2025-03-14 14:16:33,432 [INFO] Episode 1030/10000 | Score: 0 | Avg Reward: -9.90 | Epsilon: 0.83 | Time: 6.06s
2025-03-14 14:16:33,505 [INFO] Episode 1040/10000 | Score: 0 | Avg Reward: -9.90 | Epsilon: 0.83 | Time: 6.14s
2025-03-14 14:16:33,553 [INFO] Episode 1050/10000 | Score: 0 | Avg Reward: -9.90 | Epsilon: 0.83 | Time: 6.18s
2025-03-14 14:16:33,598 [INFO] Episode 1060/10000 | Score: 0 | Avg Reward: -9.90 | Epsilon: 0.83 | Time: 6.23s
2025-03-14 14:16:33,679 [INFO] Episode 1070/10000 | Score: 0 | Avg Reward: -9.90 | Epsilon: 0.82 | Time: 6.31s
2025-03-14 14:16:33,730 [INFO] Episode 1080/10000 | Score: 0 | Avg Reward: -9.90 | Epsilon: 0.82 | Time: 6.36s
2025-03-14 14:16:33,795 [INFO] Episode 1090/10000 | Score: 0 | Avg Reward: -9.91 | Epsilon: 0.82 | Time: 6.43s
2025-03-14 14:16:33,890 [INFO] Episode 1100/10000 | Score: 0 | Avg Reward: -9.91 | Epsilon: 0.82 | Time: 6.52s
2025-03-14 14:16:33,957 [INFO] Episode 1110/10000 | Score: 0 | Avg Reward: -9.91 | Epsilon: 0.82 | Time: 6.59s
2025-03-14 14:16:34,040 [INFO] Episode 1120/10000 | Score: 0 | Avg Reward: -9.92 | Epsilon: 0.82 | Time: 6.67s
2025-03-14 14:16:34,081 [INFO] Episode 1130/10000 | Score: 0 | Avg Reward: -9.91 | Epsilon: 0.82 | Time: 6.71s
2025-03-14 14:16:34,128 [INFO] Episode 1140/10000 | Score: 0 | Avg Reward: -9.91 | Epsilon: 0.82 | Time: 6.76s
2025-03-14 14:16:34,224 [INFO] Episode 1150/10000 | Score: 0 | Avg Reward: -9.92 | Epsilon: 0.81 | Time: 6.86s
2025-03-14 14:16:34,306 [INFO] Episode 1160/10000 | Score: 0 | Avg Reward: -9.92 | Epsilon: 0.81 | Time: 6.94s
2025-03-14 14:16:34,356 [INFO] Episode 1170/10000 | Score: 0 | Avg Reward: -9.92 | Epsilon: 0.81 | Time: 6.99s
2025-03-14 14:16:34,422 [INFO] Episode 1180/10000 | Score: 0 | Avg Reward: -9.91 | Epsilon: 0.81 | Time: 7.05s
2025-03-14 14:16:34,473 [INFO] Episode 1190/10000 | Score: 0 | Avg Reward: -9.91 | Epsilon: 0.81 | Time: 7.10s
2025-03-14 14:16:34,534 [INFO] Episode 1200/10000 | Score: 0 | Avg Reward: -9.90 | Epsilon: 0.81 | Time: 7.17s
2025-03-14 14:16:34,644 [INFO] Episode 1210/10000 | Score: 0 | Avg Reward: -10.00 | Epsilon: 0.80 | Time: 7.28s
2025-03-14 14:16:34,708 [INFO] Episode 1220/10000 | Score: 0 | Avg Reward: -10.00 | Epsilon: 0.80 | Time: 7.34s
2025-03-14 14:16:34,753 [INFO] Episode 1230/10000 | Score: 0 | Avg Reward: -10.00 | Epsilon: 0.80 | Time: 7.39s
2025-03-14 14:16:34,803 [INFO] Episode 1240/10000 | Score: 0 | Avg Reward: -10.00 | Epsilon: 0.80 | Time: 7.43s
2025-03-14 14:16:34,869 [INFO] Episode 1250/10000 | Score: 0 | Avg Reward: -9.99 | Epsilon: 0.80 | Time: 7.50s
2025-03-14 14:16:34,999 [INFO] Episode 1260/10000 | Score: 0 | Avg Reward: -10.00 | Epsilon: 0.80 | Time: 7.63s
2025-03-14 14:16:35,065 [INFO] Episode 1270/10000 | Score: 0 | Avg Reward: -10.01 | Epsilon: 0.80 | Time: 7.70s
2025-03-14 14:16:35,136 [INFO] Episode 1280/10000 | Score: 0 | Avg Reward: -10.01 | Epsilon: 0.79 | Time: 7.77s
2025-03-14 14:16:35,227 [INFO] Episode 1290/10000 | Score: 0 | Avg Reward: -10.03 | Epsilon: 0.79 | Time: 7.86s
2025-03-14 14:16:35,276 [INFO] Episode 1300/10000 | Score: 0 | Avg Reward: -10.03 | Epsilon: 0.79 | Time: 7.91s
2025-03-14 14:16:35,356 [INFO] Episode 1310/10000 | Score: 0 | Avg Reward: -10.02 | Epsilon: 0.79 | Time: 7.99s
2025-03-14 14:16:35,461 [INFO] Episode 1320/10000 | Score: 0 | Avg Reward: -9.93 | Epsilon: 0.79 | Time: 8.09s
2025-03-14 14:16:35,526 [INFO] Episode 1330/10000 | Score: 0 | Avg Reward: -9.93 | Epsilon: 0.79 | Time: 8.16s
2025-03-14 14:16:35,584 [INFO] Episode 1340/10000 | Score: 0 | Avg Reward: -9.93 | Epsilon: 0.78 | Time: 8.22s
2025-03-14 14:16:35,640 [INFO] Episode 1350/10000 | Score: 0 | Avg Reward: -9.94 | Epsilon: 0.78 | Time: 8.27s
2025-03-14 14:16:35,703 [INFO] Episode 1360/10000 | Score: 0 | Avg Reward: -9.92 | Epsilon: 0.78 | Time: 8.33s
2025-03-14 14:16:35,759 [INFO] Episode 1370/10000 | Score: 0 | Avg Reward: -9.92 | Epsilon: 0.78 | Time: 8.39s
2025-03-14 14:16:35,836 [INFO] Episode 1380/10000 | Score: 0 | Avg Reward: -9.91 | Epsilon: 0.78 | Time: 8.47s
2025-03-14 14:16:35,907 [INFO] Episode 1390/10000 | Score: 0 | Avg Reward: -9.91 | Epsilon: 0.78 | Time: 8.54s
2025-03-14 14:16:35,991 [INFO] Episode 1400/10000 | Score: 0 | Avg Reward: -9.90 | Epsilon: 0.78 | Time: 8.62s
2025-03-14 14:16:36,076 [INFO] Episode 1410/10000 | Score: 0 | Avg Reward: -9.91 | Epsilon: 0.77 | Time: 8.71s
2025-03-14 14:16:36,134 [INFO] Episode 1420/10000 | Score: 0 | Avg Reward: -10.00 | Epsilon: 0.77 | Time: 8.77s
2025-03-14 14:16:36,222 [INFO] Episode 1430/10000 | Score: 0 | Avg Reward: -10.01 | Epsilon: 0.77 | Time: 8.85s
2025-03-14 14:16:36,298 [INFO] Episode 1440/10000 | Score: 0 | Avg Reward: -10.01 | Epsilon: 0.77 | Time: 8.93s
2025-03-14 14:16:36,359 [INFO] Episode 1450/10000 | Score: 0 | Avg Reward: -10.00 | Epsilon: 0.77 | Time: 8.99s
2025-03-14 14:16:36,438 [INFO] Episode 1460/10000 | Score: 0 | Avg Reward: -10.00 | Epsilon: 0.77 | Time: 9.07s
2025-03-14 14:16:36,526 [INFO] Episode 1470/10000 | Score: 0 | Avg Reward: -9.99 | Epsilon: 0.76 | Time: 9.16s
2025-03-14 14:16:36,570 [INFO] Episode 1480/10000 | Score: 0 | Avg Reward: -9.99 | Epsilon: 0.76 | Time: 9.20s
2025-03-14 14:16:36,626 [INFO] Episode 1490/10000 | Score: 0 | Avg Reward: -9.99 | Epsilon: 0.76 | Time: 9.26s
2025-03-14 14:16:36,686 [INFO] Episode 1500/10000 | Score: 0 | Avg Reward: -9.99 | Epsilon: 0.76 | Time: 9.32s
2025-03-14 14:16:36,686 [INFO] Evaluating agent for 10 episodes...
2025-03-14 14:16:36,708 [INFO] Evaluation complete | Avg Score: 0.20
2025-03-14 14:16:36,712 [INFO] New best model saved with score 0.2
2025-03-14 14:16:36,782 [INFO] Episode 1510/10000 | Score: 0 | Avg Reward: -9.99 | Epsilon: 0.75 | Time: 9.41s
2025-03-14 14:16:36,860 [INFO] Episode 1520/10000 | Score: 0 | Avg Reward: -10.00 | Epsilon: 0.75 | Time: 9.49s
2025-03-14 14:16:36,907 [INFO] Episode 1530/10000 | Score: 0 | Avg Reward: -9.99 | Epsilon: 0.75 | Time: 9.54s
2025-03-14 14:16:36,993 [INFO] Episode 1540/10000 | Score: 0 | Avg Reward: -9.99 | Epsilon: 0.75 | Time: 9.62s
2025-03-14 14:16:37,062 [INFO] Episode 1550/10000 | Score: 0 | Avg Reward: -9.99 | Epsilon: 0.75 | Time: 9.69s
2025-03-14 14:16:37,168 [INFO] Episode 1560/10000 | Score: 0 | Avg Reward: -9.99 | Epsilon: 0.74 | Time: 9.80s
2025-03-14 14:16:37,233 [INFO] Episode 1570/10000 | Score: 0 | Avg Reward: -9.99 | Epsilon: 0.74 | Time: 9.87s
2025-03-14 14:16:37,289 [INFO] Episode 1580/10000 | Score: 0 | Avg Reward: -9.99 | Epsilon: 0.74 | Time: 9.92s
2025-03-14 14:16:37,379 [INFO] Episode 1590/10000 | Score: 0 | Avg Reward: -9.99 | Epsilon: 0.74 | Time: 10.01s
2025-03-14 14:16:37,458 [INFO] Episode 1600/10000 | Score: 0 | Avg Reward: -10.00 | Epsilon: 0.74 | Time: 10.09s
2025-03-14 14:16:37,548 [INFO] Episode 1610/10000 | Score: 0 | Avg Reward: -10.00 | Epsilon: 0.74 | Time: 10.18s
2025-03-14 14:16:37,620 [INFO] Episode 1620/10000 | Score: 0 | Avg Reward: -10.00 | Epsilon: 0.74 | Time: 10.25s
2025-03-14 14:16:37,709 [INFO] Episode 1630/10000 | Score: 0 | Avg Reward: -9.90 | Epsilon: 0.73 | Time: 10.34s
2025-03-14 14:16:37,766 [INFO] Episode 1640/10000 | Score: 0 | Avg Reward: -9.80 | Epsilon: 0.73 | Time: 10.40s
2025-03-14 14:16:37,826 [INFO] Episode 1650/10000 | Score: 0 | Avg Reward: -9.80 | Epsilon: 0.73 | Time: 10.46s
2025-03-14 14:16:37,898 [INFO] Episode 1660/10000 | Score: 0 | Avg Reward: -9.81 | Epsilon: 0.73 | Time: 10.53s
2025-03-14 14:16:38,001 [INFO] Episode 1670/10000 | Score: 0 | Avg Reward: -9.81 | Epsilon: 0.73 | Time: 10.63s
2025-03-14 14:16:38,066 [INFO] Episode 1680/10000 | Score: 0 | Avg Reward: -9.81 | Epsilon: 0.73 | Time: 10.70s
2025-03-14 14:16:38,132 [INFO] Episode 1690/10000 | Score: 0 | Avg Reward: -9.81 | Epsilon: 0.73 | Time: 10.76s
2025-03-14 14:16:38,224 [INFO] Episode 1700/10000 | Score: 0 | Avg Reward: -9.82 | Epsilon: 0.72 | Time: 10.86s
2025-03-14 14:16:38,328 [INFO] Episode 1710/10000 | Score: 0 | Avg Reward: -9.81 | Epsilon: 0.72 | Time: 10.96s
2025-03-14 14:16:38,415 [INFO] Episode 1720/10000 | Score: 0 | Avg Reward: -9.82 | Epsilon: 0.72 | Time: 11.05s
2025-03-14 14:16:38,531 [INFO] Episode 1730/10000 | Score: 0 | Avg Reward: -9.92 | Epsilon: 0.72 | Time: 11.16s
2025-03-14 14:16:38,639 [INFO] Episode 1740/10000 | Score: 0 | Avg Reward: -10.01 | Epsilon: 0.72 | Time: 11.27s
2025-03-14 14:16:38,722 [INFO] Episode 1750/10000 | Score: 0 | Avg Reward: -10.01 | Epsilon: 0.71 | Time: 11.35s
2025-03-14 14:16:38,815 [INFO] Episode 1760/10000 | Score: 0 | Avg Reward: -10.01 | Epsilon: 0.71 | Time: 11.45s
2025-03-14 14:16:38,907 [INFO] Episode 1770/10000 | Score: 0 | Avg Reward: -10.01 | Epsilon: 0.71 | Time: 11.54s
2025-03-14 14:16:38,990 [INFO] Episode 1780/10000 | Score: 0 | Avg Reward: -10.02 | Epsilon: 0.71 | Time: 11.62s
2025-03-14 14:16:39,086 [INFO] Episode 1790/10000 | Score: 0 | Avg Reward: -10.01 | Epsilon: 0.71 | Time: 11.72s
2025-03-14 14:16:39,213 [INFO] Episode 1800/10000 | Score: 0 | Avg Reward: -10.00 | Epsilon: 0.70 | Time: 11.85s
2025-03-14 14:16:39,333 [INFO] Episode 1810/10000 | Score: 0 | Avg Reward: -10.02 | Epsilon: 0.70 | Time: 11.97s
2025-03-14 14:16:39,403 [INFO] Episode 1820/10000 | Score: 0 | Avg Reward: -10.02 | Epsilon: 0.70 | Time: 12.03s
2025-03-14 14:16:39,473 [INFO] Episode 1830/10000 | Score: 0 | Avg Reward: -10.02 | Epsilon: 0.70 | Time: 12.11s
2025-03-14 14:16:39,543 [INFO] Episode 1840/10000 | Score: 0 | Avg Reward: -10.03 | Epsilon: 0.70 | Time: 12.18s
2025-03-14 14:16:39,653 [INFO] Episode 1850/10000 | Score: 0 | Avg Reward: -10.03 | Epsilon: 0.70 | Time: 12.28s
2025-03-14 14:16:39,757 [INFO] Episode 1860/10000 | Score: 0 | Avg Reward: -10.03 | Epsilon: 0.69 | Time: 12.39s
2025-03-14 14:16:39,822 [INFO] Episode 1870/10000 | Score: 0 | Avg Reward: -10.03 | Epsilon: 0.69 | Time: 12.45s
2025-03-14 14:16:39,896 [INFO] Episode 1880/10000 | Score: 0 | Avg Reward: -10.03 | Epsilon: 0.69 | Time: 12.53s
2025-03-14 14:16:39,977 [INFO] Episode 1890/10000 | Score: 0 | Avg Reward: -10.03 | Epsilon: 0.69 | Time: 12.61s
2025-03-14 14:16:40,048 [INFO] Episode 1900/10000 | Score: 0 | Avg Reward: -10.03 | Epsilon: 0.69 | Time: 12.68s
2025-03-14 14:16:40,137 [INFO] Episode 1910/10000 | Score: 0 | Avg Reward: -10.02 | Epsilon: 0.69 | Time: 12.77s
2025-03-14 14:16:40,251 [INFO] Episode 1920/10000 | Score: 0 | Avg Reward: -10.01 | Epsilon: 0.69 | Time: 12.88s
2025-03-14 14:16:40,330 [INFO] Episode 1930/10000 | Score: 0 | Avg Reward: -10.01 | Epsilon: 0.68 | Time: 12.96s
2025-03-14 14:16:40,396 [INFO] Episode 1940/10000 | Score: 0 | Avg Reward: -10.00 | Epsilon: 0.68 | Time: 13.03s
2025-03-14 14:16:40,480 [INFO] Episode 1950/10000 | Score: 0 | Avg Reward: -10.00 | Epsilon: 0.68 | Time: 13.11s
2025-03-14 14:16:40,554 [INFO] Episode 1960/10000 | Score: 0 | Avg Reward: -10.00 | Epsilon: 0.68 | Time: 13.19s
2025-03-14 14:16:40,621 [INFO] Episode 1970/10000 | Score: 0 | Avg Reward: -10.00 | Epsilon: 0.68 | Time: 13.25s
2025-03-14 14:16:40,705 [INFO] Episode 1980/10000 | Score: 0 | Avg Reward: -10.01 | Epsilon: 0.68 | Time: 13.34s
2025-03-14 14:16:40,780 [INFO] Episode 1990/10000 | Score: 0 | Avg Reward: -10.01 | Epsilon: 0.68 | Time: 13.41s
2025-03-14 14:16:40,892 [INFO] Episode 2000/10000 | Score: 0 | Avg Reward: -10.02 | Epsilon: 0.67 | Time: 13.52s
2025-03-14 14:16:40,896 [INFO] Model saved to models/model_episode_2000.pt
2025-03-14 14:16:40,896 [INFO] Evaluating agent for 10 episodes...
2025-03-14 14:16:40,921 [INFO] Evaluation complete | Avg Score: 0.00
2025-03-14 14:16:41,040 [INFO] Episode 2010/10000 | Score: 0 | Avg Reward: -10.03 | Epsilon: 0.67 | Time: 13.67s
2025-03-14 14:16:41,152 [INFO] Episode 2020/10000 | Score: 0 | Avg Reward: -10.04 | Epsilon: 0.66 | Time: 13.78s
2025-03-14 14:16:41,253 [INFO] Episode 2030/10000 | Score: 0 | Avg Reward: -10.04 | Epsilon: 0.66 | Time: 13.89s
2025-03-14 14:16:41,337 [INFO] Episode 2040/10000 | Score: 0 | Avg Reward: -10.04 | Epsilon: 0.66 | Time: 13.97s
2025-03-14 14:16:41,437 [INFO] Episode 2050/10000 | Score: 0 | Avg Reward: -10.04 | Epsilon: 0.66 | Time: 14.07s
2025-03-14 14:16:41,547 [INFO] Episode 2060/10000 | Score: 0 | Avg Reward: -10.03 | Epsilon: 0.66 | Time: 14.18s
2025-03-14 14:16:41,681 [INFO] Episode 2070/10000 | Score: 0 | Avg Reward: -10.03 | Epsilon: 0.65 | Time: 14.31s
2025-03-14 14:16:41,814 [INFO] Episode 2080/10000 | Score: 0 | Avg Reward: -10.02 | Epsilon: 0.65 | Time: 14.45s
2025-03-14 14:16:41,882 [INFO] Episode 2090/10000 | Score: 0 | Avg Reward: -10.02 | Epsilon: 0.65 | Time: 14.51s
2025-03-14 14:16:42,008 [INFO] Episode 2100/10000 | Score: 0 | Avg Reward: -9.91 | Epsilon: 0.65 | Time: 14.64s
2025-03-14 14:16:42,068 [INFO] Episode 2110/10000 | Score: 0 | Avg Reward: -9.89 | Epsilon: 0.65 | Time: 14.70s
2025-03-14 14:16:42,206 [INFO] Episode 2120/10000 | Score: 0 | Avg Reward: -9.89 | Epsilon: 0.65 | Time: 14.84s
2025-03-14 14:16:42,317 [INFO] Episode 2130/10000 | Score: 0 | Avg Reward: -9.89 | Epsilon: 0.65 | Time: 14.95s
2025-03-14 14:16:42,417 [INFO] Episode 2140/10000 | Score: 0 | Avg Reward: -9.88 | Epsilon: 0.64 | Time: 15.05s
2025-03-14 14:16:42,471 [INFO] Episode 2150/10000 | Score: 0 | Avg Reward: -9.88 | Epsilon: 0.64 | Time: 15.10s
2025-03-14 14:16:42,546 [INFO] Episode 2160/10000 | Score: 0 | Avg Reward: -9.88 | Epsilon: 0.64 | Time: 15.18s
2025-03-14 14:16:42,638 [INFO] Episode 2170/10000 | Score: 0 | Avg Reward: -9.88 | Epsilon: 0.64 | Time: 15.27s
2025-03-14 14:16:42,735 [INFO] Episode 2180/10000 | Score: 0 | Avg Reward: -9.88 | Epsilon: 0.64 | Time: 15.37s
2025-03-14 14:16:42,862 [INFO] Episode 2190/10000 | Score: 0 | Avg Reward: -9.88 | Epsilon: 0.64 | Time: 15.49s
2025-03-14 14:16:42,929 [INFO] Episode 2200/10000 | Score: 0 | Avg Reward: -9.98 | Epsilon: 0.63 | Time: 15.56s
2025-03-14 14:16:43,017 [INFO] Episode 2210/10000 | Score: 0 | Avg Reward: -9.99 | Epsilon: 0.63 | Time: 15.65s
2025-03-14 14:16:43,109 [INFO] Episode 2220/10000 | Score: 0 | Avg Reward: -9.99 | Epsilon: 0.63 | Time: 15.74s
2025-03-14 14:16:43,195 [INFO] Episode 2230/10000 | Score: 0 | Avg Reward: -9.98 | Epsilon: 0.63 | Time: 15.83s
2025-03-14 14:16:43,266 [INFO] Episode 2240/10000 | Score: 0 | Avg Reward: -9.99 | Epsilon: 0.63 | Time: 15.90s
2025-03-14 14:16:43,361 [INFO] Episode 2250/10000 | Score: 0 | Avg Reward: -9.98 | Epsilon: 0.63 | Time: 15.99s
2025-03-14 14:16:43,422 [INFO] Episode 2260/10000 | Score: 0 | Avg Reward: -9.98 | Epsilon: 0.63 | Time: 16.05s
2025-03-14 14:16:43,501 [INFO] Episode 2270/10000 | Score: 0 | Avg Reward: -9.98 | Epsilon: 0.63 | Time: 16.13s
2025-03-14 14:16:43,576 [INFO] Episode 2280/10000 | Score: 0 | Avg Reward: -9.98 | Epsilon: 0.62 | Time: 16.21s
2025-03-14 14:16:43,695 [INFO] Episode 2290/10000 | Score: 0 | Avg Reward: -9.99 | Epsilon: 0.62 | Time: 16.33s
2025-03-14 14:16:43,839 [INFO] Episode 2300/10000 | Score: 0 | Avg Reward: -10.00 | Epsilon: 0.62 | Time: 16.47s
2025-03-14 14:16:43,897 [INFO] Episode 2310/10000 | Score: 0 | Avg Reward: -9.99 | Epsilon: 0.62 | Time: 16.53s
2025-03-14 14:16:44,046 [INFO] Episode 2320/10000 | Score: 0 | Avg Reward: -9.99 | Epsilon: 0.62 | Time: 16.68s
2025-03-14 14:16:44,128 [INFO] Episode 2330/10000 | Score: 0 | Avg Reward: -10.00 | Epsilon: 0.62 | Time: 16.76s
2025-03-14 14:16:44,224 [INFO] Episode 2340/10000 | Score: 0 | Avg Reward: -10.00 | Epsilon: 0.61 | Time: 16.86s
2025-03-14 14:16:44,358 [INFO] Episode 2350/10000 | Score: 0 | Avg Reward: -9.92 | Epsilon: 0.61 | Time: 16.99s
2025-03-14 14:16:44,457 [INFO] Episode 2360/10000 | Score: 0 | Avg Reward: -9.93 | Epsilon: 0.61 | Time: 17.09s
2025-03-14 14:16:44,605 [INFO] Episode 2370/10000 | Score: 0 | Avg Reward: -9.93 | Epsilon: 0.61 | Time: 17.24s
2025-03-14 14:16:44,709 [INFO] Episode 2380/10000 | Score: 0 | Avg Reward: -9.93 | Epsilon: 0.61 | Time: 17.34s
2025-03-14 14:16:44,912 [INFO] Episode 2390/10000 | Score: 0 | Avg Reward: -9.94 | Epsilon: 0.60 | Time: 17.54s
2025-03-14 14:16:45,005 [INFO] Episode 2400/10000 | Score: 0 | Avg Reward: -9.94 | Epsilon: 0.60 | Time: 17.64s
2025-03-14 14:16:45,154 [INFO] Episode 2410/10000 | Score: 0 | Avg Reward: -9.73 | Epsilon: 0.60 | Time: 17.79s
2025-03-14 14:16:45,238 [INFO] Episode 2420/10000 | Score: 0 | Avg Reward: -9.72 | Epsilon: 0.60 | Time: 17.87s
2025-03-14 14:16:45,345 [INFO] Episode 2430/10000 | Score: 0 | Avg Reward: -9.62 | Epsilon: 0.60 | Time: 17.98s
2025-03-14 14:16:45,465 [INFO] Episode 2440/10000 | Score: 0 | Avg Reward: -9.61 | Epsilon: 0.60 | Time: 18.10s
2025-03-14 14:16:45,571 [INFO] Episode 2450/10000 | Score: 0 | Avg Reward: -9.70 | Epsilon: 0.59 | Time: 18.20s
2025-03-14 14:16:45,645 [INFO] Episode 2460/10000 | Score: 0 | Avg Reward: -9.70 | Epsilon: 0.59 | Time: 18.28s
2025-03-14 14:16:45,749 [INFO] Episode 2470/10000 | Score: 0 | Avg Reward: -9.69 | Epsilon: 0.59 | Time: 18.38s
2025-03-14 14:16:45,912 [INFO] Episode 2480/10000 | Score: 0 | Avg Reward: -9.69 | Epsilon: 0.59 | Time: 18.54s
2025-03-14 14:16:45,989 [INFO] Episode 2490/10000 | Score: 0 | Avg Reward: -9.68 | Epsilon: 0.59 | Time: 18.62s
2025-03-14 14:16:46,123 [INFO] Episode 2500/10000 | Score: 0 | Avg Reward: -9.67 | Epsilon: 0.59 | Time: 18.75s
2025-03-14 14:16:46,123 [INFO] Evaluating agent for 10 episodes...
2025-03-14 14:16:46,160 [INFO] Evaluation complete | Avg Score: 0.10
2025-03-14 14:16:46,275 [INFO] Episode 2510/10000 | Score: 0 | Avg Reward: -9.87 | Epsilon: 0.57 | Time: 18.91s
2025-03-14 14:16:46,425 [INFO] Episode 2520/10000 | Score: 0 | Avg Reward: -9.87 | Epsilon: 0.57 | Time: 19.06s
2025-03-14 14:16:46,500 [INFO] Episode 2530/10000 | Score: 0 | Avg Reward: -9.97 | Epsilon: 0.57 | Time: 19.13s
2025-03-14 14:16:46,632 [INFO] Episode 2540/10000 | Score: 0 | Avg Reward: -9.96 | Epsilon: 0.57 | Time: 19.26s
2025-03-14 14:16:46,732 [INFO] Episode 2550/10000 | Score: 0 | Avg Reward: -9.86 | Epsilon: 0.57 | Time: 19.36s
2025-03-14 14:16:46,819 [INFO] Episode 2560/10000 | Score: 0 | Avg Reward: -9.86 | Epsilon: 0.57 | Time: 19.45s
2025-03-14 14:16:46,981 [INFO] Episode 2570/10000 | Score: 0 | Avg Reward: -9.88 | Epsilon: 0.57 | Time: 19.61s
2025-03-14 14:16:47,137 [INFO] Episode 2580/10000 | Score: 0 | Avg Reward: -9.88 | Epsilon: 0.56 | Time: 19.77s
2025-03-14 14:16:47,449 [INFO] Episode 2590/10000 | Score: 0 | Avg Reward: -9.88 | Epsilon: 0.56 | Time: 20.08s
2025-03-14 14:16:47,676 [INFO] Episode 2600/10000 | Score: 0 | Avg Reward: -9.89 | Epsilon: 0.56 | Time: 20.31s
2025-03-14 14:16:48,070 [INFO] Episode 2610/10000 | Score: 0 | Avg Reward: -9.90 | Epsilon: 0.56 | Time: 20.70s
2025-03-14 14:16:48,360 [INFO] Episode 2620/10000 | Score: 0 | Avg Reward: -9.91 | Epsilon: 0.56 | Time: 20.99s
2025-03-14 14:16:48,606 [INFO] Episode 2630/10000 | Score: 0 | Avg Reward: -9.90 | Epsilon: 0.56 | Time: 21.24s
2025-03-14 14:16:48,839 [INFO] Episode 2640/10000 | Score: 0 | Avg Reward: -9.91 | Epsilon: 0.56 | Time: 21.47s
2025-03-14 14:16:48,951 [INFO] Episode 2650/10000 | Score: 0 | Avg Reward: -10.01 | Epsilon: 0.55 | Time: 21.58s
2025-03-14 14:16:49,125 [INFO] Episode 2660/10000 | Score: 0 | Avg Reward: -10.00 | Epsilon: 0.55 | Time: 21.76s
2025-03-14 14:16:49,448 [INFO] Episode 2670/10000 | Score: 0 | Avg Reward: -9.99 | Epsilon: 0.55 | Time: 22.08s
2025-03-14 14:16:49,588 [INFO] Episode 2680/10000 | Score: 0 | Avg Reward: -10.00 | Epsilon: 0.55 | Time: 22.22s
2025-03-14 14:16:49,676 [INFO] Episode 2690/10000 | Score: 0 | Avg Reward: -10.00 | Epsilon: 0.55 | Time: 22.31s
2025-03-14 14:16:49,829 [INFO] Episode 2700/10000 | Score: 0 | Avg Reward: -9.99 | Epsilon: 0.55 | Time: 22.46s
2025-03-14 14:16:50,035 [INFO] Episode 2710/10000 | Score: 0 | Avg Reward: -9.98 | Epsilon: 0.55 | Time: 22.67s
2025-03-14 14:16:50,226 [INFO] Episode 2720/10000 | Score: 0 | Avg Reward: -9.97 | Epsilon: 0.54 | Time: 22.86s
2025-03-14 14:16:50,457 [INFO] Episode 2730/10000 | Score: 0 | Avg Reward: -9.99 | Epsilon: 0.54 | Time: 23.09s
2025-03-14 14:16:50,648 [INFO] Episode 2740/10000 | Score: 0 | Avg Reward: -10.01 | Epsilon: 0.54 | Time: 23.28s
2025-03-14 14:16:51,032 [INFO] Episode 2750/10000 | Score: 0 | Avg Reward: -10.02 | Epsilon: 0.54 | Time: 23.66s
2025-03-14 14:16:51,199 [INFO] Episode 2760/10000 | Score: 0 | Avg Reward: -10.03 | Epsilon: 0.54 | Time: 23.83s
2025-03-14 14:16:51,327 [INFO] Episode 2770/10000 | Score: 0 | Avg Reward: -10.02 | Epsilon: 0.54 | Time: 23.96s
2025-03-14 14:16:51,579 [INFO] Episode 2780/10000 | Score: 0 | Avg Reward: -10.03 | Epsilon: 0.53 | Time: 24.21s
2025-03-14 14:16:51,758 [INFO] Episode 2790/10000 | Score: 0 | Avg Reward: -10.03 | Epsilon: 0.53 | Time: 24.39s
2025-03-14 14:16:51,869 [INFO] Episode 2800/10000 | Score: 0 | Avg Reward: -10.02 | Epsilon: 0.53 | Time: 24.50s
2025-03-14 14:16:51,988 [INFO] Episode 2810/10000 | Score: 0 | Avg Reward: -10.03 | Epsilon: 0.53 | Time: 24.62s
2025-03-14 14:16:52,103 [INFO] Episode 2820/10000 | Score: 0 | Avg Reward: -10.03 | Epsilon: 0.53 | Time: 24.73s
2025-03-14 14:16:52,211 [INFO] Episode 2830/10000 | Score: 0 | Avg Reward: -10.01 | Epsilon: 0.53 | Time: 24.84s
2025-03-14 14:16:52,308 [INFO] Episode 2840/10000 | Score: 0 | Avg Reward: -9.99 | Epsilon: 0.53 | Time: 24.94s
2025-03-14 14:16:52,411 [INFO] Episode 2850/10000 | Score: 0 | Avg Reward: -9.98 | Epsilon: 0.52 | Time: 25.04s
2025-03-14 14:16:52,626 [INFO] Episode 2860/10000 | Score: 0 | Avg Reward: -9.99 | Epsilon: 0.52 | Time: 25.26s
2025-03-14 14:16:52,745 [INFO] Episode 2870/10000 | Score: 0 | Avg Reward: -10.00 | Epsilon: 0.52 | Time: 25.38s
2025-03-14 14:16:52,881 [INFO] Episode 2880/10000 | Score: 0 | Avg Reward: -9.98 | Epsilon: 0.52 | Time: 25.51s
2025-03-14 14:16:53,034 [INFO] Episode 2890/10000 | Score: 0 | Avg Reward: -10.00 | Epsilon: 0.52 | Time: 25.67s
2025-03-14 14:16:53,213 [INFO] Episode 2900/10000 | Score: 0 | Avg Reward: -9.99 | Epsilon: 0.52 | Time: 25.84s
2025-03-14 14:16:53,351 [INFO] Episode 2910/10000 | Score: 0 | Avg Reward: -10.00 | Epsilon: 0.51 | Time: 25.98s
2025-03-14 14:16:53,480 [INFO] Episode 2920/10000 | Score: 0 | Avg Reward: -10.00 | Epsilon: 0.51 | Time: 26.11s
2025-03-14 14:16:53,702 [INFO] Episode 2930/10000 | Score: 0 | Avg Reward: -10.03 | Epsilon: 0.51 | Time: 26.33s
2025-03-14 14:16:54,061 [INFO] Episode 2940/10000 | Score: 0 | Avg Reward: -9.94 | Epsilon: 0.51 | Time: 26.69s
2025-03-14 14:16:54,573 [INFO] Episode 2950/10000 | Score: 0 | Avg Reward: -9.83 | Epsilon: 0.51 | Time: 27.20s
2025-03-14 14:16:54,967 [INFO] Episode 2960/10000 | Score: 0 | Avg Reward: -9.72 | Epsilon: 0.51 | Time: 27.60s
2025-03-14 14:16:55,195 [INFO] Episode 2970/10000 | Score: 0 | Avg Reward: -9.71 | Epsilon: 0.50 | Time: 27.83s
2025-03-14 14:16:55,357 [INFO] Episode 2980/10000 | Score: 0 | Avg Reward: -9.73 | Epsilon: 0.50 | Time: 27.99s
2025-03-14 14:16:55,507 [INFO] Episode 2990/10000 | Score: 0 | Avg Reward: -9.70 | Epsilon: 0.50 | Time: 28.14s
2025-03-14 14:16:55,632 [INFO] Episode 3000/10000 | Score: 0 | Avg Reward: -9.71 | Epsilon: 0.50 | Time: 28.26s
2025-03-14 14:16:55,643 [INFO] Model saved to models/model_episode_3000.pt
2025-03-14 14:16:55,643 [INFO] Evaluating agent for 10 episodes...
2025-03-14 14:16:55,684 [INFO] Evaluation complete | Avg Score: 0.10
2025-03-14 14:16:55,874 [INFO] Episode 3010/10000 | Score: 0 | Avg Reward: -9.60 | Epsilon: 0.49 | Time: 28.51s
2025-03-14 14:16:56,088 [INFO] Episode 3020/10000 | Score: 0 | Avg Reward: -9.60 | Epsilon: 0.48 | Time: 28.72s
2025-03-14 14:16:56,216 [INFO] Episode 3030/10000 | Score: 0 | Avg Reward: -9.58 | Epsilon: 0.48 | Time: 28.85s
2025-03-14 14:16:56,301 [INFO] Episode 3040/10000 | Score: 0 | Avg Reward: -9.68 | Epsilon: 0.48 | Time: 28.93s
2025-03-14 14:16:56,425 [INFO] Episode 3050/10000 | Score: 0 | Avg Reward: -9.79 | Epsilon: 0.48 | Time: 29.06s
2025-03-14 14:16:56,599 [INFO] Episode 3060/10000 | Score: 0 | Avg Reward: -9.88 | Epsilon: 0.48 | Time: 29.23s
2025-03-14 14:16:56,897 [INFO] Episode 3070/10000 | Score: 0 | Avg Reward: -9.89 | Epsilon: 0.48 | Time: 29.53s
2025-03-14 14:16:57,094 [INFO] Episode 3080/10000 | Score: 0 | Avg Reward: -9.77 | Epsilon: 0.48 | Time: 29.73s
2025-03-14 14:16:57,287 [INFO] Episode 3090/10000 | Score: 0 | Avg Reward: -9.78 | Epsilon: 0.47 | Time: 29.92s
2025-03-14 14:16:57,411 [INFO] Episode 3100/10000 | Score: 0 | Avg Reward: -9.80 | Epsilon: 0.47 | Time: 30.04s
2025-03-14 14:16:57,574 [INFO] Episode 3110/10000 | Score: 0 | Avg Reward: -9.91 | Epsilon: 0.47 | Time: 30.21s
2025-03-14 14:16:57,697 [INFO] Episode 3120/10000 | Score: 0 | Avg Reward: -9.90 | Epsilon: 0.47 | Time: 30.33s
2025-03-14 14:16:57,818 [INFO] Episode 3130/10000 | Score: 0 | Avg Reward: -9.91 | Epsilon: 0.47 | Time: 30.45s
2025-03-14 14:16:57,908 [INFO] Episode 3140/10000 | Score: 0 | Avg Reward: -9.90 | Epsilon: 0.47 | Time: 30.54s
2025-03-14 14:16:58,104 [INFO] Episode 3150/10000 | Score: 0 | Avg Reward: -9.91 | Epsilon: 0.46 | Time: 30.74s
2025-03-14 14:16:58,239 [INFO] Episode 3160/10000 | Score: 0 | Avg Reward: -9.92 | Epsilon: 0.46 | Time: 30.87s
2025-03-14 14:16:58,339 [INFO] Episode 3170/10000 | Score: 0 | Avg Reward: -9.91 | Epsilon: 0.46 | Time: 30.97s
2025-03-14 14:16:58,554 [INFO] Episode 3180/10000 | Score: 0 | Avg Reward: -10.02 | Epsilon: 0.46 | Time: 31.19s
2025-03-14 14:16:58,687 [INFO] Episode 3190/10000 | Score: 0 | Avg Reward: -10.03 | Epsilon: 0.46 | Time: 31.32s
2025-03-14 14:16:58,888 [INFO] Episode 3200/10000 | Score: 0 | Avg Reward: -10.05 | Epsilon: 0.46 | Time: 31.52s
2025-03-14 14:16:58,981 [INFO] Episode 3210/10000 | Score: 0 | Avg Reward: -10.04 | Epsilon: 0.45 | Time: 31.61s
2025-03-14 14:16:59,122 [INFO] Episode 3220/10000 | Score: 0 | Avg Reward: -10.06 | Epsilon: 0.45 | Time: 31.75s
2025-03-14 14:16:59,382 [INFO] Episode 3230/10000 | Score: 0 | Avg Reward: -10.06 | Epsilon: 0.45 | Time: 32.01s
2025-03-14 14:16:59,572 [INFO] Episode 3240/10000 | Score: 0 | Avg Reward: -10.08 | Epsilon: 0.45 | Time: 32.20s
2025-03-14 14:16:59,726 [INFO] Episode 3250/10000 | Score: 0 | Avg Reward: -10.08 | Epsilon: 0.45 | Time: 32.36s
2025-03-14 14:16:59,896 [INFO] Episode 3260/10000 | Score: 0 | Avg Reward: -9.99 | Epsilon: 0.44 | Time: 32.53s
2025-03-14 14:17:00,032 [INFO] Episode 3270/10000 | Score: 0 | Avg Reward: -9.99 | Epsilon: 0.44 | Time: 32.66s
2025-03-14 14:17:00,234 [INFO] Episode 3280/10000 | Score: 0 | Avg Reward: -9.97 | Epsilon: 0.44 | Time: 32.87s
2025-03-14 14:17:00,361 [INFO] Episode 3290/10000 | Score: 0 | Avg Reward: -9.98 | Epsilon: 0.44 | Time: 32.99s
2025-03-14 14:17:00,534 [INFO] Episode 3300/10000 | Score: 0 | Avg Reward: -9.96 | Epsilon: 0.44 | Time: 33.17s
2025-03-14 14:17:00,651 [INFO] Episode 3310/10000 | Score: 0 | Avg Reward: -9.96 | Epsilon: 0.44 | Time: 33.28s
2025-03-14 14:17:00,876 [INFO] Episode 3320/10000 | Score: 0 | Avg Reward: -9.94 | Epsilon: 0.43 | Time: 33.51s
2025-03-14 14:17:01,009 [INFO] Episode 3330/10000 | Score: 0 | Avg Reward: -9.82 | Epsilon: 0.43 | Time: 33.64s
2025-03-14 14:17:01,164 [INFO] Episode 3340/10000 | Score: 0 | Avg Reward: -9.81 | Epsilon: 0.43 | Time: 33.80s
2025-03-14 14:17:01,311 [INFO] Episode 3350/10000 | Score: 0 | Avg Reward: -9.80 | Epsilon: 0.43 | Time: 33.94s
2025-03-14 14:17:01,441 [INFO] Episode 3360/10000 | Score: 0 | Avg Reward: -9.89 | Epsilon: 0.43 | Time: 34.07s
2025-03-14 14:17:01,642 [INFO] Episode 3370/10000 | Score: 0 | Avg Reward: -9.90 | Epsilon: 0.42 | Time: 34.27s
2025-03-14 14:17:01,832 [INFO] Episode 3380/10000 | Score: 0 | Avg Reward: -9.91 | Epsilon: 0.42 | Time: 34.46s
2025-03-14 14:17:01,986 [INFO] Episode 3390/10000 | Score: 0 | Avg Reward: -9.80 | Epsilon: 0.42 | Time: 34.62s
2025-03-14 14:17:02,202 [INFO] Episode 3400/10000 | Score: 0 | Avg Reward: -9.83 | Epsilon: 0.42 | Time: 34.83s
2025-03-14 14:17:02,278 [INFO] Episode 3410/10000 | Score: 0 | Avg Reward: -9.83 | Epsilon: 0.42 | Time: 34.91s
2025-03-14 14:17:02,505 [INFO] Episode 3420/10000 | Score: 0 | Avg Reward: -9.87 | Epsilon: 0.42 | Time: 35.14s
2025-03-14 14:17:02,680 [INFO] Episode 3430/10000 | Score: 0 | Avg Reward: -9.97 | Epsilon: 0.41 | Time: 35.31s
2025-03-14 14:17:02,862 [INFO] Episode 3440/10000 | Score: 0 | Avg Reward: -9.89 | Epsilon: 0.41 | Time: 35.49s
2025-03-14 14:17:03,019 [INFO] Episode 3450/10000 | Score: 0 | Avg Reward: -9.90 | Epsilon: 0.41 | Time: 35.65s
2025-03-14 14:17:03,270 [INFO] Episode 3460/10000 | Score: 0 | Avg Reward: -9.90 | Epsilon: 0.41 | Time: 35.90s
2025-03-14 14:17:03,436 [INFO] Episode 3470/10000 | Score: 0 | Avg Reward: -9.89 | Epsilon: 0.41 | Time: 36.07s
2025-03-14 14:17:03,588 [INFO] Episode 3480/10000 | Score: 0 | Avg Reward: -9.89 | Epsilon: 0.40 | Time: 36.22s
2025-03-14 14:17:03,745 [INFO] Episode 3490/10000 | Score: 0 | Avg Reward: -9.90 | Epsilon: 0.40 | Time: 36.38s
2025-03-14 14:17:03,930 [INFO] Episode 3500/10000 | Score: 0 | Avg Reward: -9.89 | Epsilon: 0.40 | Time: 36.56s
2025-03-14 14:17:03,930 [INFO] Evaluating agent for 10 episodes...
2025-03-14 14:17:03,976 [INFO] Evaluation complete | Avg Score: 0.10
2025-03-14 14:17:04,183 [INFO] Episode 3510/10000 | Score: 0 | Avg Reward: -9.78 | Epsilon: 0.39 | Time: 36.81s
2025-03-14 14:17:04,384 [INFO] Episode 3520/10000 | Score: 1 | Avg Reward: -9.65 | Epsilon: 0.39 | Time: 37.02s
2025-03-14 14:17:04,564 [INFO] Episode 3530/10000 | Score: 0 | Avg Reward: -9.55 | Epsilon: 0.39 | Time: 37.20s
2025-03-14 14:17:04,697 [INFO] Episode 3540/10000 | Score: 0 | Avg Reward: -9.64 | Epsilon: 0.39 | Time: 37.33s
2025-03-14 14:17:04,851 [INFO] Episode 3550/10000 | Score: 0 | Avg Reward: -9.56 | Epsilon: 0.38 | Time: 37.48s
2025-03-14 14:17:05,027 [INFO] Episode 3560/10000 | Score: 0 | Avg Reward: -9.56 | Epsilon: 0.38 | Time: 37.66s
2025-03-14 14:17:05,245 [INFO] Episode 3570/10000 | Score: 0 | Avg Reward: -9.54 | Epsilon: 0.38 | Time: 37.88s
2025-03-14 14:17:05,501 [INFO] Episode 3580/10000 | Score: 0 | Avg Reward: -9.55 | Epsilon: 0.38 | Time: 38.13s
2025-03-14 14:17:05,667 [INFO] Episode 3590/10000 | Score: 0 | Avg Reward: -9.65 | Epsilon: 0.38 | Time: 38.30s
2025-03-14 14:17:05,799 [INFO] Episode 3600/10000 | Score: 0 | Avg Reward: -9.63 | Epsilon: 0.38 | Time: 38.43s
2025-03-14 14:17:05,945 [INFO] Episode 3610/10000 | Score: 0 | Avg Reward: -9.75 | Epsilon: 0.38 | Time: 38.58s
2025-03-14 14:17:06,219 [INFO] Episode 3620/10000 | Score: 0 | Avg Reward: -9.87 | Epsilon: 0.37 | Time: 38.85s
2025-03-14 14:17:06,328 [INFO] Episode 3630/10000 | Score: 0 | Avg Reward: -9.96 | Epsilon: 0.37 | Time: 38.96s
2025-03-14 14:17:06,608 [INFO] Episode 3640/10000 | Score: 0 | Avg Reward: -9.95 | Epsilon: 0.37 | Time: 39.24s
2025-03-14 14:17:06,845 [INFO] Episode 3650/10000 | Score: 0 | Avg Reward: -10.03 | Epsilon: 0.37 | Time: 39.48s
2025-03-14 14:17:07,109 [INFO] Episode 3660/10000 | Score: 0 | Avg Reward: -9.93 | Epsilon: 0.37 | Time: 39.74s
2025-03-14 14:17:07,349 [INFO] Episode 3670/10000 | Score: 1 | Avg Reward: -9.76 | Epsilon: 0.36 | Time: 39.98s
2025-03-14 14:17:07,519 [INFO] Episode 3680/10000 | Score: 0 | Avg Reward: -9.76 | Epsilon: 0.36 | Time: 40.15s
2025-03-14 14:17:07,768 [INFO] Episode 3690/10000 | Score: 0 | Avg Reward: -9.76 | Epsilon: 0.36 | Time: 40.40s
2025-03-14 14:17:07,911 [INFO] Episode 3700/10000 | Score: 0 | Avg Reward: -9.67 | Epsilon: 0.36 | Time: 40.54s
2025-03-14 14:17:08,106 [INFO] Episode 3710/10000 | Score: 0 | Avg Reward: -9.66 | Epsilon: 0.36 | Time: 40.74s
2025-03-14 14:17:08,331 [INFO] Episode 3720/10000 | Score: 0 | Avg Reward: -9.66 | Epsilon: 0.35 | Time: 40.96s
2025-03-14 14:17:08,524 [INFO] Episode 3730/10000 | Score: 0 | Avg Reward: -9.68 | Epsilon: 0.35 | Time: 41.16s
2025-03-14 14:17:08,766 [INFO] Episode 3740/10000 | Score: 1 | Avg Reward: -9.59 | Epsilon: 0.35 | Time: 41.40s
2025-03-14 14:17:09,035 [INFO] Episode 3750/10000 | Score: 0 | Avg Reward: -9.60 | Epsilon: 0.35 | Time: 41.67s
2025-03-14 14:17:09,400 [INFO] Episode 3760/10000 | Score: 0 | Avg Reward: -9.59 | Epsilon: 0.35 | Time: 42.03s
2025-03-14 14:17:09,487 [INFO] Episode 3770/10000 | Score: 0 | Avg Reward: -9.77 | Epsilon: 0.35 | Time: 42.12s
2025-03-14 14:17:09,771 [INFO] Episode 3780/10000 | Score: 0 | Avg Reward: -9.79 | Epsilon: 0.34 | Time: 42.40s
2025-03-14 14:17:09,935 [INFO] Episode 3790/10000 | Score: 0 | Avg Reward: -9.80 | Epsilon: 0.34 | Time: 42.57s
2025-03-14 14:17:10,198 [INFO] Episode 3800/10000 | Score: 0 | Avg Reward: -9.91 | Epsilon: 0.34 | Time: 42.83s
2025-03-14 14:17:10,469 [INFO] Episode 3810/10000 | Score: 0 | Avg Reward: -9.95 | Epsilon: 0.34 | Time: 43.10s
2025-03-14 14:17:10,791 [INFO] Episode 3820/10000 | Score: 1 | Avg Reward: -9.85 | Epsilon: 0.33 | Time: 43.42s
2025-03-14 14:17:11,160 [INFO] Episode 3830/10000 | Score: 0 | Avg Reward: -9.85 | Epsilon: 0.33 | Time: 43.79s
2025-03-14 14:17:11,476 [INFO] Episode 3840/10000 | Score: 0 | Avg Reward: -9.93 | Epsilon: 0.33 | Time: 44.11s
2025-03-14 14:17:11,816 [INFO] Episode 3850/10000 | Score: 0 | Avg Reward: -9.93 | Epsilon: 0.33 | Time: 44.45s
2025-03-14 14:17:12,576 [INFO] Episode 3860/10000 | Score: 0 | Avg Reward: -10.06 | Epsilon: 0.33 | Time: 45.21s
2025-03-14 14:17:12,932 [INFO] Episode 3870/10000 | Score: 0 | Avg Reward: -9.97 | Epsilon: 0.32 | Time: 45.56s
2025-03-14 14:17:13,116 [INFO] Episode 3880/10000 | Score: 0 | Avg Reward: -9.94 | Epsilon: 0.32 | Time: 45.75s
2025-03-14 14:17:13,820 [INFO] Episode 3890/10000 | Score: 0 | Avg Reward: -9.93 | Epsilon: 0.32 | Time: 46.45s
2025-03-14 14:17:14,136 [INFO] Episode 3900/10000 | Score: 0 | Avg Reward: -9.80 | Epsilon: 0.32 | Time: 46.77s
2025-03-14 14:17:14,353 [INFO] Episode 3910/10000 | Score: 0 | Avg Reward: -9.66 | Epsilon: 0.32 | Time: 46.99s
2025-03-14 14:17:14,610 [INFO] Episode 3920/10000 | Score: 0 | Avg Reward: -9.75 | Epsilon: 0.31 | Time: 47.24s
2025-03-14 14:17:14,794 [INFO] Episode 3930/10000 | Score: 0 | Avg Reward: -9.65 | Epsilon: 0.31 | Time: 47.43s
2025-03-14 14:17:14,977 [INFO] Episode 3940/10000 | Score: 0 | Avg Reward: -9.65 | Epsilon: 0.31 | Time: 47.61s
2025-03-14 14:17:15,135 [INFO] Episode 3950/10000 | Score: 0 | Avg Reward: -9.66 | Epsilon: 0.31 | Time: 47.77s
2025-03-14 14:17:15,330 [INFO] Episode 3960/10000 | Score: 0 | Avg Reward: -9.64 | Epsilon: 0.31 | Time: 47.96s
2025-03-14 14:17:15,566 [INFO] Episode 3970/10000 | Score: 0 | Avg Reward: -9.73 | Epsilon: 0.31 | Time: 48.20s
2025-03-14 14:17:15,684 [INFO] Episode 3980/10000 | Score: 0 | Avg Reward: -9.74 | Epsilon: 0.31 | Time: 48.32s
2025-03-14 14:17:15,856 [INFO] Episode 3990/10000 | Score: 0 | Avg Reward: -9.64 | Epsilon: 0.31 | Time: 48.49s
2025-03-14 14:17:16,147 [INFO] Episode 4000/10000 | Score: 0 | Avg Reward: -9.76 | Epsilon: 0.30 | Time: 48.78s
2025-03-14 14:17:16,152 [INFO] Model saved to models/model_episode_4000.pt
2025-03-14 14:17:16,152 [INFO] Evaluating agent for 10 episodes...
2025-03-14 14:17:16,195 [INFO] Evaluation complete | Avg Score: 0.20
2025-03-14 14:17:16,365 [INFO] Episode 4010/10000 | Score: 0 | Avg Reward: -9.74 | Epsilon: 0.30 | Time: 49.00s
2025-03-14 14:17:16,584 [INFO] Episode 4020/10000 | Score: 0 | Avg Reward: -9.75 | Epsilon: 0.29 | Time: 49.22s
2025-03-14 14:17:16,811 [INFO] Episode 4030/10000 | Score: 0 | Avg Reward: -9.85 | Epsilon: 0.29 | Time: 49.44s
2025-03-14 14:17:17,072 [INFO] Episode 4040/10000 | Score: 0 | Avg Reward: -9.85 | Epsilon: 0.29 | Time: 49.70s
2025-03-14 14:17:17,264 [INFO] Episode 4050/10000 | Score: 0 | Avg Reward: -9.84 | Epsilon: 0.29 | Time: 49.90s
2025-03-14 14:17:17,538 [INFO] Episode 4060/10000 | Score: 1 | Avg Reward: -9.73 | Epsilon: 0.29 | Time: 50.17s
2025-03-14 14:17:17,721 [INFO] Episode 4070/10000 | Score: 0 | Avg Reward: -9.74 | Epsilon: 0.29 | Time: 50.35s
2025-03-14 14:17:18,007 [INFO] Episode 4080/10000 | Score: 0 | Avg Reward: -9.77 | Epsilon: 0.28 | Time: 50.64s
2025-03-14 14:17:18,230 [INFO] Episode 4090/10000 | Score: 0 | Avg Reward: -9.88 | Epsilon: 0.28 | Time: 50.86s
2025-03-14 14:17:18,477 [INFO] Episode 4100/10000 | Score: 0 | Avg Reward: -9.87 | Epsilon: 0.28 | Time: 51.11s
2025-03-14 14:17:18,863 [INFO] Episode 4110/10000 | Score: 0 | Avg Reward: -10.01 | Epsilon: 0.28 | Time: 51.49s
2025-03-14 14:17:19,121 [INFO] Episode 4120/10000 | Score: 0 | Avg Reward: -10.03 | Epsilon: 0.28 | Time: 51.75s
2025-03-14 14:17:19,454 [INFO] Episode 4130/10000 | Score: 0 | Avg Reward: -10.05 | Epsilon: 0.27 | Time: 52.09s
2025-03-14 14:17:19,719 [INFO] Episode 4140/10000 | Score: 0 | Avg Reward: -10.04 | Epsilon: 0.27 | Time: 52.35s
2025-03-14 14:17:19,936 [INFO] Episode 4150/10000 | Score: 0 | Avg Reward: -9.94 | Epsilon: 0.27 | Time: 52.57s
2025-03-14 14:17:20,206 [INFO] Episode 4160/10000 | Score: 0 | Avg Reward: -10.06 | Epsilon: 0.27 | Time: 52.84s
2025-03-14 14:17:20,357 [INFO] Episode 4170/10000 | Score: 0 | Avg Reward: -9.95 | Epsilon: 0.27 | Time: 52.99s
2025-03-14 14:17:20,634 [INFO] Episode 4180/10000 | Score: 0 | Avg Reward: -9.82 | Epsilon: 0.27 | Time: 53.27s
2025-03-14 14:17:21,145 [INFO] Episode 4190/10000 | Score: 0 | Avg Reward: -9.70 | Epsilon: 0.26 | Time: 53.78s
2025-03-14 14:17:21,377 [INFO] Episode 4200/10000 | Score: 0 | Avg Reward: -9.60 | Epsilon: 0.26 | Time: 54.01s
2025-03-14 14:17:21,678 [INFO] Episode 4210/10000 | Score: 1 | Avg Reward: -9.49 | Epsilon: 0.26 | Time: 54.31s
2025-03-14 14:17:21,968 [INFO] Episode 4220/10000 | Score: 0 | Avg Reward: -9.38 | Epsilon: 0.26 | Time: 54.60s
2025-03-14 14:17:22,347 [INFO] Episode 4230/10000 | Score: 0 | Avg Reward: -9.24 | Epsilon: 0.25 | Time: 54.98s
2025-03-14 14:17:22,621 [INFO] Episode 4240/10000 | Score: 0 | Avg Reward: -9.25 | Epsilon: 0.25 | Time: 55.25s
2025-03-14 14:17:22,901 [INFO] Episode 4250/10000 | Score: 0 | Avg Reward: -9.26 | Epsilon: 0.25 | Time: 55.53s
2025-03-14 14:17:23,189 [INFO] Episode 4260/10000 | Score: 0 | Avg Reward: -9.15 | Epsilon: 0.25 | Time: 55.82s
2025-03-14 14:17:23,596 [INFO] Episode 4270/10000 | Score: 0 | Avg Reward: -9.05 | Epsilon: 0.25 | Time: 56.23s
2025-03-14 14:17:23,903 [INFO] Episode 4280/10000 | Score: 0 | Avg Reward: -9.15 | Epsilon: 0.24 | Time: 56.53s
2025-03-14 14:17:24,199 [INFO] Episode 4290/10000 | Score: 0 | Avg Reward: -9.28 | Epsilon: 0.24 | Time: 56.83s
2025-03-14 14:17:24,496 [INFO] Episode 4300/10000 | Score: 0 | Avg Reward: -9.27 | Epsilon: 0.24 | Time: 57.13s
2025-03-14 14:17:24,657 [INFO] Episode 4310/10000 | Score: 0 | Avg Reward: -9.37 | Epsilon: 0.24 | Time: 57.29s
2025-03-14 14:17:25,150 [INFO] Episode 4320/10000 | Score: 0 | Avg Reward: -9.38 | Epsilon: 0.24 | Time: 57.78s
2025-03-14 14:17:25,460 [INFO] Episode 4330/10000 | Score: 0 | Avg Reward: -9.31 | Epsilon: 0.24 | Time: 58.09s
2025-03-14 14:17:25,756 [INFO] Episode 4340/10000 | Score: 0 | Avg Reward: -9.31 | Epsilon: 0.23 | Time: 58.39s
2025-03-14 14:17:26,099 [INFO] Episode 4350/10000 | Score: 0 | Avg Reward: -9.38 | Epsilon: 0.23 | Time: 58.73s
2025-03-14 14:17:26,536 [INFO] Episode 4360/10000 | Score: 0 | Avg Reward: -9.49 | Epsilon: 0.23 | Time: 59.17s
2025-03-14 14:17:27,071 [INFO] Episode 4370/10000 | Score: 0 | Avg Reward: -9.71 | Epsilon: 0.23 | Time: 59.70s
2025-03-14 14:17:27,414 [INFO] Episode 4380/10000 | Score: 0 | Avg Reward: -9.70 | Epsilon: 0.23 | Time: 60.05s
2025-03-14 14:17:28,618 [INFO] Episode 4390/10000 | Score: 0 | Avg Reward: -9.51 | Epsilon: 0.22 | Time: 61.25s
2025-03-14 14:17:29,145 [INFO] Episode 4400/10000 | Score: 1 | Avg Reward: -9.51 | Epsilon: 0.22 | Time: 61.78s
2025-03-14 14:17:29,376 [INFO] Episode 4410/10000 | Score: 0 | Avg Reward: -9.50 | Epsilon: 0.22 | Time: 62.01s
2025-03-14 14:17:29,694 [INFO] Episode 4420/10000 | Score: 0 | Avg Reward: -9.58 | Epsilon: 0.22 | Time: 62.33s
2025-03-14 14:17:30,131 [INFO] Episode 4430/10000 | Score: 0 | Avg Reward: -9.66 | Epsilon: 0.22 | Time: 62.76s
2025-03-14 14:17:30,293 [INFO] Episode 4440/10000 | Score: 0 | Avg Reward: -9.56 | Epsilon: 0.22 | Time: 62.93s
2025-03-14 14:17:30,854 [INFO] Episode 4450/10000 | Score: 0 | Avg Reward: -9.40 | Epsilon: 0.21 | Time: 63.49s
2025-03-14 14:17:31,060 [INFO] Episode 4460/10000 | Score: 0 | Avg Reward: -9.40 | Epsilon: 0.21 | Time: 63.69s
2025-03-14 14:17:31,639 [INFO] Episode 4470/10000 | Score: 0 | Avg Reward: -9.19 | Epsilon: 0.21 | Time: 64.27s
2025-03-14 14:17:31,961 [INFO] Episode 4480/10000 | Score: 0 | Avg Reward: -9.12 | Epsilon: 0.21 | Time: 64.59s
2025-03-14 14:17:32,302 [INFO] Episode 4490/10000 | Score: 0 | Avg Reward: -9.20 | Epsilon: 0.21 | Time: 64.93s
2025-03-14 14:17:32,694 [INFO] Episode 4500/10000 | Score: 0 | Avg Reward: -9.32 | Epsilon: 0.21 | Time: 65.33s
2025-03-14 14:17:32,694 [INFO] Evaluating agent for 10 episodes...
2025-03-14 14:17:34,340 [INFO] Evaluation complete | Avg Score: 1.00
2025-03-14 14:17:34,347 [INFO] New best model saved with score 1.0
2025-03-14 14:17:35,817 [INFO] Episode 4510/10000 | Score: 0 | Avg Reward: -9.15 | Epsilon: 0.08 | Time: 68.45s
2025-03-14 14:17:37,334 [INFO] Episode 4520/10000 | Score: 0 | Avg Reward: -8.99 | Epsilon: 0.08 | Time: 69.97s
2025-03-14 14:17:38,269 [INFO] Episode 4530/10000 | Score: 0 | Avg Reward: -8.68 | Epsilon: 0.07 | Time: 70.90s
2025-03-14 14:17:39,357 [INFO] Episode 4540/10000 | Score: 0 | Avg Reward: -8.59 | Epsilon: 0.07 | Time: 71.99s
2025-03-14 14:17:40,674 [INFO] Episode 4550/10000 | Score: 0 | Avg Reward: -8.44 | Epsilon: 0.07 | Time: 73.31s
2025-03-14 14:17:41,376 [INFO] Episode 4560/10000 | Score: 0 | Avg Reward: -8.23 | Epsilon: 0.07 | Time: 74.01s
2025-03-14 14:17:41,811 [INFO] Episode 4570/10000 | Score: 1 | Avg Reward: -8.33 | Epsilon: 0.07 | Time: 74.44s
2025-03-14 14:17:42,524 [INFO] Episode 4580/10000 | Score: 0 | Avg Reward: -8.31 | Epsilon: 0.07 | Time: 75.16s
2025-03-14 14:17:43,729 [INFO] Episode 4590/10000 | Score: 1 | Avg Reward: -8.31 | Epsilon: 0.07 | Time: 76.36s
2025-03-14 14:17:46,601 [INFO] Episode 4600/10000 | Score: 0 | Avg Reward: -7.72 | Epsilon: 0.06 | Time: 79.23s
2025-03-14 14:17:48,575 [INFO] Episode 4610/10000 | Score: 0 | Avg Reward: -7.68 | Epsilon: 0.06 | Time: 81.21s
2025-03-14 14:17:49,678 [INFO] Episode 4620/10000 | Score: 0 | Avg Reward: -7.89 | Epsilon: 0.06 | Time: 82.31s
2025-03-14 14:17:51,382 [INFO] Episode 4630/10000 | Score: 0 | Avg Reward: -8.12 | Epsilon: 0.06 | Time: 84.01s
2025-03-14 14:17:52,096 [INFO] Episode 4640/10000 | Score: 0 | Avg Reward: -8.33 | Epsilon: 0.06 | Time: 84.73s
2025-03-14 14:17:53,402 [INFO] Episode 4650/10000 | Score: 0 | Avg Reward: -8.04 | Epsilon: 0.06 | Time: 86.03s
2025-03-14 14:17:54,642 [INFO] Episode 4660/10000 | Score: 0 | Avg Reward: -8.06 | Epsilon: 0.05 | Time: 87.27s
2025-03-14 14:17:56,103 [INFO] Episode 4670/10000 | Score: 1 | Avg Reward: -7.87 | Epsilon: 0.05 | Time: 88.73s
2025-03-14 14:17:58,029 [INFO] Episode 4680/10000 | Score: 0 | Avg Reward: -7.71 | Epsilon: 0.05 | Time: 90.66s
2025-03-14 14:18:00,340 [INFO] Episode 4690/10000 | Score: 1 | Avg Reward: -7.02 | Epsilon: 0.05 | Time: 92.97s
2025-03-14 14:18:01,588 [INFO] Episode 4700/10000 | Score: 0 | Avg Reward: -7.51 | Epsilon: 0.05 | Time: 94.22s
2025-03-14 14:18:03,817 [INFO] Episode 4710/10000 | Score: 0 | Avg Reward: -7.50 | Epsilon: 0.05 | Time: 96.45s
2025-03-14 14:18:05,325 [INFO] Episode 4720/10000 | Score: 0 | Avg Reward: -7.29 | Epsilon: 0.05 | Time: 97.96s
2025-03-14 14:18:07,839 [INFO] Episode 4730/10000 | Score: 0 | Avg Reward: -7.20 | Epsilon: 0.04 | Time: 100.47s
2025-03-14 14:18:10,478 [INFO] Episode 4740/10000 | Score: 2 | Avg Reward: -6.38 | Epsilon: 0.04 | Time: 103.11s
2025-03-14 14:18:12,174 [INFO] Episode 4750/10000 | Score: 1 | Avg Reward: -6.84 | Epsilon: 0.04 | Time: 104.81s
2025-03-14 14:18:14,170 [INFO] Episode 4760/10000 | Score: 0 | Avg Reward: -6.67 | Epsilon: 0.04 | Time: 106.80s
2025-03-14 14:18:17,279 [INFO] Episode 4770/10000 | Score: 0 | Avg Reward: -6.45 | Epsilon: 0.04 | Time: 109.86s
2025-03-14 14:18:19,542 [INFO] Episode 4780/10000 | Score: 0 | Avg Reward: -6.41 | Epsilon: 0.04 | Time: 112.17s
2025-03-14 14:18:21,344 [INFO] Episode 4790/10000 | Score: 1 | Avg Reward: -6.50 | Epsilon: 0.04 | Time: 113.98s
2025-03-14 14:18:24,287 [INFO] Episode 4800/10000 | Score: 7 | Avg Reward: -5.75 | Epsilon: 0.03 | Time: 116.92s
2025-03-14 14:18:26,129 [INFO] Episode 4810/10000 | Score: 0 | Avg Reward: -5.79 | Epsilon: 0.03 | Time: 118.76s
2025-03-14 14:18:27,526 [INFO] Episode 4820/10000 | Score: 1 | Avg Reward: -5.58 | Epsilon: 0.03 | Time: 120.16s
2025-03-14 14:18:32,090 [INFO] Episode 4830/10000 | Score: 1 | Avg Reward: -5.05 | Epsilon: 0.03 | Time: 124.72s
2025-03-14 14:18:36,080 [INFO] Episode 4840/10000 | Score: 2 | Avg Reward: -4.27 | Epsilon: 0.03 | Time: 128.71s
2025-03-14 14:18:37,742 [INFO] Episode 4850/10000 | Score: 0 | Avg Reward: -4.04 | Epsilon: 0.03 | Time: 130.37s
2025-03-14 14:18:41,332 [INFO] Episode 4860/10000 | Score: 1 | Avg Reward: -3.15 | Epsilon: 0.03 | Time: 133.96s
2025-03-14 14:18:45,046 [INFO] Episode 4870/10000 | Score: 0 | Avg Reward: -2.71 | Epsilon: 0.03 | Time: 137.68s
2025-03-14 14:18:48,777 [INFO] Episode 4880/10000 | Score: 0 | Avg Reward: -2.31 | Epsilon: 0.02 | Time: 141.41s
2025-03-14 14:18:51,839 [INFO] Episode 4890/10000 | Score: 1 | Avg Reward: -2.21 | Epsilon: 0.02 | Time: 144.47s
2025-03-14 14:18:54,679 [INFO] Episode 4900/10000 | Score: 0 | Avg Reward: -2.01 | Epsilon: 0.02 | Time: 147.31s
2025-03-14 14:18:56,382 [INFO] Episode 4910/10000 | Score: 0 | Avg Reward: -1.66 | Epsilon: 0.02 | Time: 149.01s
2025-03-14 14:19:00,324 [INFO] Episode 4920/10000 | Score: 0 | Avg Reward: -1.43 | Epsilon: 0.02 | Time: 152.96s
2025-03-14 14:19:04,606 [INFO] Episode 4930/10000 | Score: 1 | Avg Reward: -1.71 | Epsilon: 0.02 | Time: 157.24s
2025-03-14 14:19:08,917 [INFO] Episode 4940/10000 | Score: 2 | Avg Reward: -1.95 | Epsilon: 0.02 | Time: 161.55s
2025-03-14 14:19:15,173 [INFO] Episode 4950/10000 | Score: 1 | Avg Reward: -1.86 | Epsilon: 0.02 | Time: 167.80s
2025-03-14 14:19:20,926 [INFO] Episode 4960/10000 | Score: 0 | Avg Reward: -1.37 | Epsilon: 0.02 | Time: 173.56s
2025-03-14 14:19:27,588 [INFO] Episode 4970/10000 | Score: 0 | Avg Reward: -1.90 | Epsilon: 0.02 | Time: 180.22s
2025-03-14 14:19:33,415 [INFO] Episode 4980/10000 | Score: 2 | Avg Reward: -1.59 | Epsilon: 0.02 | Time: 186.05s
2025-03-14 14:19:45,098 [INFO] Episode 4990/10000 | Score: 2 | Avg Reward: -1.21 | Epsilon: 0.02 | Time: 197.73s
2025-03-14 14:19:50,706 [INFO] Episode 5000/10000 | Score: 1 | Avg Reward: -1.37 | Epsilon: 0.01 | Time: 203.34s
2025-03-14 14:19:50,723 [INFO] Model saved to models/model_episode_5000.pt
2025-03-14 14:19:50,723 [INFO] Evaluating agent for 10 episodes...
2025-03-14 14:19:51,988 [INFO] Evaluation complete | Avg Score: 1.50
2025-03-14 14:19:51,992 [INFO] New best model saved with score 1.5
2025-03-14 14:19:55,321 [INFO] Episode 5010/10000 | Score: 0 | Avg Reward: -1.47 | Epsilon: 0.01 | Time: 207.95s
2025-03-14 14:20:02,409 [INFO] Episode 5020/10000 | Score: 1 | Avg Reward: -1.23 | Epsilon: 0.01 | Time: 215.04s
2025-03-14 14:20:16,930 [INFO] Episode 5030/10000 | Score: 3 | Avg Reward: -1.01 | Epsilon: 0.01 | Time: 229.56s
2025-03-14 14:20:22,243 [INFO] Episode 5040/10000 | Score: 0 | Avg Reward: -1.60 | Epsilon: 0.01 | Time: 234.87s
2025-03-14 14:20:27,410 [INFO] Episode 5050/10000 | Score: 0 | Avg Reward: -1.22 | Epsilon: 0.01 | Time: 240.04s
2025-03-14 14:20:32,663 [INFO] Episode 5060/10000 | Score: 0 | Avg Reward: -2.56 | Epsilon: 0.01 | Time: 245.29s
2025-03-14 14:20:43,442 [INFO] Episode 5070/10000 | Score: 0 | Avg Reward: -2.38 | Epsilon: 0.01 | Time: 256.07s
