2025-03-14 14:31:18,192 [INFO] Logger initialized | Log file: logs/snake_rl_20250314_143118.log
2025-03-14 14:31:18,192 [INFO] Starting training for 1000 episodes...
2025-03-14 14:31:18,714 [INFO] Episode 10/1000 | Score: 1 | Avg Reward: -9.49 | Epsilon: 0.97 | Time: 0.52s
2025-03-14 14:31:19,918 [INFO] Episode 20/1000 | Score: 0 | Avg Reward: -9.57 | Epsilon: 0.94 | Time: 1.73s
2025-03-14 14:31:21,258 [INFO] Episode 30/1000 | Score: 0 | Avg Reward: -9.62 | Epsilon: 0.91 | Time: 3.07s
2025-03-14 14:31:23,179 [INFO] Episode 40/1000 | Score: 0 | Avg Reward: -9.54 | Epsilon: 0.88 | Time: 4.99s
2025-03-14 14:31:24,756 [INFO] Episode 50/1000 | Score: 0 | Avg Reward: -9.49 | Epsilon: 0.86 | Time: 6.56s
2025-03-14 14:31:26,124 [INFO] Episode 60/1000 | Score: 0 | Avg Reward: -9.48 | Epsilon: 0.84 | Time: 7.93s
2025-03-14 14:31:27,299 [INFO] Episode 70/1000 | Score: 0 | Avg Reward: -9.39 | Epsilon: 0.81 | Time: 9.11s
2025-03-14 14:31:28,060 [INFO] Episode 80/1000 | Score: 0 | Avg Reward: -9.47 | Epsilon: 0.79 | Time: 9.87s
2025-03-14 14:31:29,307 [INFO] Episode 90/1000 | Score: 0 | Avg Reward: -9.55 | Epsilon: 0.77 | Time: 11.11s
2025-03-14 14:31:30,871 [INFO] Episode 100/1000 | Score: 1 | Avg Reward: -9.38 | Epsilon: 0.74 | Time: 12.68s
2025-03-14 14:31:31,941 [INFO] Episode 110/1000 | Score: 0 | Avg Reward: -9.47 | Epsilon: 0.72 | Time: 13.75s
2025-03-14 14:31:32,933 [INFO] Episode 120/1000 | Score: 0 | Avg Reward: -9.49 | Epsilon: 0.71 | Time: 14.74s
2025-03-14 14:31:34,003 [INFO] Episode 130/1000 | Score: 0 | Avg Reward: -9.41 | Epsilon: 0.69 | Time: 15.81s
2025-03-14 14:31:35,328 [INFO] Episode 140/1000 | Score: 0 | Avg Reward: -9.30 | Epsilon: 0.67 | Time: 17.14s
2025-03-14 14:31:36,524 [INFO] Episode 150/1000 | Score: 0 | Avg Reward: -9.25 | Epsilon: 0.65 | Time: 18.33s
2025-03-14 14:31:38,488 [INFO] Episode 160/1000 | Score: 0 | Avg Reward: -9.36 | Epsilon: 0.63 | Time: 20.30s
2025-03-14 14:31:41,039 [INFO] Episode 170/1000 | Score: 0 | Avg Reward: -9.17 | Epsilon: 0.60 | Time: 22.85s
2025-03-14 14:31:42,396 [INFO] Episode 180/1000 | Score: 1 | Avg Reward: -8.74 | Epsilon: 0.59 | Time: 24.20s
2025-03-14 14:31:44,248 [INFO] Episode 190/1000 | Score: 1 | Avg Reward: -8.41 | Epsilon: 0.57 | Time: 26.06s
2025-03-14 14:31:45,374 [INFO] Episode 200/1000 | Score: 0 | Avg Reward: -8.19 | Epsilon: 0.55 | Time: 27.18s
2025-03-14 14:31:46,455 [INFO] Episode 210/1000 | Score: 0 | Avg Reward: -7.74 | Epsilon: 0.54 | Time: 28.26s
2025-03-14 14:31:49,015 [INFO] Episode 220/1000 | Score: 0 | Avg Reward: -7.47 | Epsilon: 0.52 | Time: 30.82s
2025-03-14 14:31:49,736 [INFO] Episode 230/1000 | Score: 0 | Avg Reward: -7.14 | Epsilon: 0.51 | Time: 31.54s
2025-03-14 14:31:50,737 [INFO] Episode 240/1000 | Score: 0 | Avg Reward: -7.26 | Epsilon: 0.49 | Time: 32.55s
2025-03-14 14:31:51,668 [INFO] Episode 250/1000 | Score: 0 | Avg Reward: -7.14 | Epsilon: 0.48 | Time: 33.48s
2025-03-14 14:31:52,491 [INFO] Episode 260/1000 | Score: 1 | Avg Reward: -6.87 | Epsilon: 0.47 | Time: 34.30s
2025-03-14 14:31:54,054 [INFO] Episode 270/1000 | Score: 2 | Avg Reward: -6.84 | Epsilon: 0.46 | Time: 35.86s
2025-03-14 14:31:54,800 [INFO] Episode 280/1000 | Score: 0 | Avg Reward: -7.17 | Epsilon: 0.45 | Time: 36.61s
2025-03-14 14:31:56,090 [INFO] Episode 290/1000 | Score: 0 | Avg Reward: -7.25 | Epsilon: 0.44 | Time: 37.90s
2025-03-14 14:31:58,342 [INFO] Episode 300/1000 | Score: 1 | Avg Reward: -7.39 | Epsilon: 0.42 | Time: 40.15s
2025-03-14 14:32:00,125 [INFO] Episode 310/1000 | Score: 0 | Avg Reward: -7.34 | Epsilon: 0.41 | Time: 41.93s
2025-03-14 14:32:01,512 [INFO] Episode 320/1000 | Score: 1 | Avg Reward: -7.07 | Epsilon: 0.40 | Time: 43.32s
2025-03-14 14:32:03,576 [INFO] Episode 330/1000 | Score: 0 | Avg Reward: -6.86 | Epsilon: 0.39 | Time: 45.38s
2025-03-14 14:32:05,338 [INFO] Episode 340/1000 | Score: 0 | Avg Reward: -6.60 | Epsilon: 0.37 | Time: 47.15s
2025-03-14 14:32:07,246 [INFO] Episode 350/1000 | Score: 2 | Avg Reward: -6.30 | Epsilon: 0.36 | Time: 49.05s
2025-03-14 14:32:08,205 [INFO] Episode 360/1000 | Score: 0 | Avg Reward: -6.19 | Epsilon: 0.35 | Time: 50.01s
2025-03-14 14:32:10,839 [INFO] Episode 370/1000 | Score: 0 | Avg Reward: -6.31 | Epsilon: 0.33 | Time: 52.65s
2025-03-14 14:32:12,382 [INFO] Episode 380/1000 | Score: 0 | Avg Reward: -6.00 | Epsilon: 0.33 | Time: 54.19s
2025-03-14 14:32:13,318 [INFO] Episode 390/1000 | Score: 1 | Avg Reward: -6.11 | Epsilon: 0.32 | Time: 55.13s
2025-03-14 14:32:15,150 [INFO] Episode 400/1000 | Score: 0 | Avg Reward: -5.99 | Epsilon: 0.31 | Time: 56.96s
2025-03-14 14:32:18,205 [INFO] Episode 410/1000 | Score: 0 | Avg Reward: -5.49 | Epsilon: 0.29 | Time: 60.01s
2025-03-14 14:32:19,766 [INFO] Episode 420/1000 | Score: 0 | Avg Reward: -5.38 | Epsilon: 0.28 | Time: 61.57s
2025-03-14 14:32:22,388 [INFO] Episode 430/1000 | Score: 1 | Avg Reward: -5.36 | Epsilon: 0.28 | Time: 64.20s
2025-03-14 14:32:24,950 [INFO] Episode 440/1000 | Score: 0 | Avg Reward: -4.66 | Epsilon: 0.26 | Time: 66.76s
2025-03-14 14:32:26,924 [INFO] Episode 450/1000 | Score: 0 | Avg Reward: -4.87 | Epsilon: 0.25 | Time: 68.73s
2025-03-14 14:32:28,639 [INFO] Episode 460/1000 | Score: 0 | Avg Reward: -4.52 | Epsilon: 0.24 | Time: 70.45s
2025-03-14 14:32:30,423 [INFO] Episode 470/1000 | Score: 2 | Avg Reward: -3.96 | Epsilon: 0.23 | Time: 72.23s
2025-03-14 14:32:33,621 [INFO] Episode 480/1000 | Score: 0 | Avg Reward: -3.60 | Epsilon: 0.22 | Time: 75.43s
2025-03-14 14:32:36,557 [INFO] Episode 490/1000 | Score: 2 | Avg Reward: -2.61 | Epsilon: 0.21 | Time: 78.37s
2025-03-14 14:32:39,211 [INFO] Episode 500/1000 | Score: 0 | Avg Reward: -1.72 | Epsilon: 0.20 | Time: 81.02s
2025-03-14 14:32:39,212 [INFO] Evaluating agent for 10 episodes...
2025-03-14 14:32:41,808 [INFO] Evaluation complete | Avg Score: 1.00
2025-03-14 14:32:41,822 [INFO] New best model saved with score 1.0
2025-03-14 14:32:49,695 [INFO] Episode 510/1000 | Score: 1 | Avg Reward: -0.96 | Epsilon: 0.03 | Time: 91.50s
2025-03-14 14:32:59,433 [INFO] Episode 520/1000 | Score: 0 | Avg Reward: 2.56 | Epsilon: 0.03 | Time: 101.24s
2025-03-14 14:33:11,013 [INFO] Episode 530/1000 | Score: 2 | Avg Reward: 4.81 | Epsilon: 0.02 | Time: 112.82s
2025-03-14 14:33:36,819 [INFO] Episode 540/1000 | Score: 0 | Avg Reward: 9.26 | Epsilon: 0.02 | Time: 138.63s
2025-03-14 14:34:01,628 [INFO] Episode 550/1000 | Score: 12 | Avg Reward: 14.48 | Epsilon: 0.01 | Time: 163.44s
2025-03-14 14:34:12,996 [INFO] Episode 560/1000 | Score: 14 | Avg Reward: 22.20 | Epsilon: 0.01 | Time: 174.80s
2025-03-14 14:34:26,051 [INFO] Episode 570/1000 | Score: 15 | Avg Reward: 27.28 | Epsilon: 0.01 | Time: 187.86s
2025-03-14 14:34:34,139 [INFO] Episode 580/1000 | Score: 9 | Avg Reward: 35.66 | Epsilon: 0.01 | Time: 195.95s
2025-03-14 14:34:44,737 [INFO] Episode 590/1000 | Score: 12 | Avg Reward: 43.66 | Epsilon: 0.01 | Time: 206.55s
2025-03-14 14:34:58,846 [INFO] Episode 600/1000 | Score: 5 | Avg Reward: 53.50 | Epsilon: 0.01 | Time: 220.65s
2025-03-14 14:35:11,086 [INFO] Episode 610/1000 | Score: 16 | Avg Reward: 61.59 | Epsilon: 0.01 | Time: 232.89s
2025-03-14 14:35:32,948 [INFO] Episode 620/1000 | Score: 30 | Avg Reward: 75.43 | Epsilon: 0.01 | Time: 254.76s
2025-03-14 14:35:46,773 [INFO] Episode 630/1000 | Score: 6 | Avg Reward: 84.80 | Epsilon: 0.01 | Time: 268.58s
2025-03-14 14:36:02,258 [INFO] Episode 640/1000 | Score: 25 | Avg Reward: 89.58 | Epsilon: 0.01 | Time: 284.07s
2025-03-14 14:36:22,883 [INFO] Episode 650/1000 | Score: 14 | Avg Reward: 101.13 | Epsilon: 0.01 | Time: 304.69s
2025-03-14 14:36:39,466 [INFO] Episode 660/1000 | Score: 9 | Avg Reward: 104.29 | Epsilon: 0.01 | Time: 321.27s
2025-03-14 14:36:54,960 [INFO] Episode 670/1000 | Score: 18 | Avg Reward: 111.92 | Epsilon: 0.01 | Time: 336.77s
2025-03-14 14:37:18,538 [INFO] Episode 680/1000 | Score: 9 | Avg Reward: 119.98 | Epsilon: 0.01 | Time: 360.35s
2025-03-14 14:37:37,523 [INFO] Episode 690/1000 | Score: 13 | Avg Reward: 125.32 | Epsilon: 0.01 | Time: 379.33s
2025-03-14 14:38:00,080 [INFO] Episode 700/1000 | Score: 9 | Avg Reward: 130.04 | Epsilon: 0.01 | Time: 401.89s
2025-03-14 14:38:15,526 [INFO] Episode 710/1000 | Score: 18 | Avg Reward: 131.65 | Epsilon: 0.01 | Time: 417.33s
2025-03-14 14:38:34,778 [INFO] Episode 720/1000 | Score: 5 | Avg Reward: 130.81 | Epsilon: 0.01 | Time: 436.59s
2025-03-14 14:39:01,016 [INFO] Episode 730/1000 | Score: 6 | Avg Reward: 132.88 | Epsilon: 0.01 | Time: 462.82s
2025-03-14 14:39:15,562 [INFO] Episode 740/1000 | Score: 3 | Avg Reward: 130.99 | Epsilon: 0.01 | Time: 477.37s
2025-03-14 14:39:30,527 [INFO] Episode 750/1000 | Score: 9 | Avg Reward: 126.54 | Epsilon: 0.01 | Time: 492.33s
2025-03-14 14:39:58,376 [INFO] Episode 760/1000 | Score: 16 | Avg Reward: 133.57 | Epsilon: 0.01 | Time: 520.18s
2025-03-14 14:40:26,062 [INFO] Episode 770/1000 | Score: 17 | Avg Reward: 137.83 | Epsilon: 0.01 | Time: 547.87s
2025-03-14 14:40:54,972 [INFO] Episode 780/1000 | Score: 9 | Avg Reward: 136.66 | Epsilon: 0.01 | Time: 576.78s
2025-03-14 14:41:24,803 [INFO] Episode 790/1000 | Score: 15 | Avg Reward: 137.49 | Epsilon: 0.01 | Time: 606.61s
2025-03-14 14:42:03,882 [INFO] Episode 800/1000 | Score: 14 | Avg Reward: 141.04 | Epsilon: 0.01 | Time: 645.69s
2025-03-14 14:42:55,087 [INFO] Episode 810/1000 | Score: 2 | Avg Reward: 145.11 | Epsilon: 0.01 | Time: 696.89s
2025-03-14 14:43:18,688 [INFO] Episode 820/1000 | Score: 8 | Avg Reward: 143.67 | Epsilon: 0.01 | Time: 720.50s
2025-03-14 14:43:43,146 [INFO] Episode 830/1000 | Score: 15 | Avg Reward: 145.22 | Epsilon: 0.01 | Time: 744.95s
2025-03-14 14:44:02,722 [INFO] Episode 840/1000 | Score: 17 | Avg Reward: 150.25 | Epsilon: 0.01 | Time: 764.53s
2025-03-14 14:44:29,724 [INFO] Episode 850/1000 | Score: 3 | Avg Reward: 155.21 | Epsilon: 0.01 | Time: 791.53s
2025-03-14 14:44:59,782 [INFO] Episode 860/1000 | Score: 5 | Avg Reward: 153.47 | Epsilon: 0.01 | Time: 821.59s
2025-03-14 14:45:29,285 [INFO] Episode 870/1000 | Score: 1 | Avg Reward: 153.08 | Epsilon: 0.01 | Time: 851.09s
2025-03-14 14:46:02,580 [INFO] Episode 880/1000 | Score: 26 | Avg Reward: 153.90 | Epsilon: 0.01 | Time: 884.39s
2025-03-14 14:46:26,455 [INFO] Episode 890/1000 | Score: 12 | Avg Reward: 152.05 | Epsilon: 0.01 | Time: 908.26s
2025-03-14 14:46:58,167 [INFO] Episode 900/1000 | Score: 24 | Avg Reward: 150.45 | Epsilon: 0.01 | Time: 939.97s
2025-03-14 14:47:21,994 [INFO] Episode 910/1000 | Score: 16 | Avg Reward: 149.87 | Epsilon: 0.01 | Time: 963.80s
2025-03-14 14:47:48,473 [INFO] Episode 920/1000 | Score: 10 | Avg Reward: 151.63 | Epsilon: 0.01 | Time: 990.28s
2025-03-14 14:48:19,564 [INFO] Episode 930/1000 | Score: 3 | Avg Reward: 152.45 | Epsilon: 0.01 | Time: 1021.37s
2025-03-14 14:48:54,830 [INFO] Episode 940/1000 | Score: 12 | Avg Reward: 159.25 | Epsilon: 0.01 | Time: 1056.64s
2025-03-14 14:49:30,244 [INFO] Episode 950/1000 | Score: 10 | Avg Reward: 156.68 | Epsilon: 0.01 | Time: 1092.05s
2025-03-14 14:49:57,216 [INFO] Episode 960/1000 | Score: 13 | Avg Reward: 156.45 | Epsilon: 0.01 | Time: 1119.02s
2025-03-14 14:50:16,200 [INFO] Episode 970/1000 | Score: 8 | Avg Reward: 152.25 | Epsilon: 0.01 | Time: 1138.01s
2025-03-14 14:50:39,762 [INFO] Episode 980/1000 | Score: 13 | Avg Reward: 151.97 | Epsilon: 0.01 | Time: 1161.57s
2025-03-14 14:51:03,720 [INFO] Episode 990/1000 | Score: 14 | Avg Reward: 155.71 | Epsilon: 0.01 | Time: 1185.53s
2025-03-14 14:51:27,980 [INFO] Episode 1000/1000 | Score: 11 | Avg Reward: 155.24 | Epsilon: 0.01 | Time: 1209.79s
2025-03-14 14:51:28,047 [INFO] Model saved to models/model_episode_1000.pt
2025-03-14 14:51:28,048 [INFO] Evaluating agent for 10 episodes...
2025-03-14 14:51:28,764 [INFO] Evaluation complete | Avg Score: 17.90
2025-03-14 14:51:28,768 [INFO] New best model saved with score 17.9
2025-03-14 14:51:28,772 [INFO] Final model saved to models/final_model.pt
2025-03-14 14:51:29,741 [INFO] Training metrics plotted and saved to training_metrics.png
2025-03-14 14:51:29,741 [INFO] Training completed
